259445.2281 	DATA 	Keypress: 5
259445.2676 	Level Condition: 0 	25
259445.2779 	Level image=bottled_water.jpg 	25
259447.2532 	Level injecting via pump at address 0 	25
259449.2614 	DATA 	Keypress: 5
259449.2618 	DATA 	Keypress: 5
259449.2621 	DATA 	Keypress: 5
259453.2661 	DATA 	Keypress: 5
259453.2665 	DATA 	Keypress: 5
259453.2698 	DATA 	Keypress: 5
259455.2519 	DATA 	Keypress: 5
259455.2522 	DATA 	Keypress: 5
259455.2636 	Level Condition: 2 	25
259455.2706 	Level image=tampico.jpg 	25
259457.2500 	Level injecting via pump at address 1 	25
259459.2614 	DATA 	Keypress: 5
259459.2757 	DATA 	Keypress: 5
259459.2762 	DATA 	Keypress: 5
259459.2768 	DATA 	Keypress: 5
259463.2651 	DATA 	Keypress: 5
259463.2654 	DATA 	Keypress: 5
259463.2657 	DATA 	Keypress: 5
259465.2521 	DATA 	Keypress: 5
259465.2524 	DATA 	Keypress: 5
259465.2702 	Level Condition: 3 	25
259465.2741 	Level image=tampico.jpg 	25
259467.2499 	Level injecting via pump at address 0 	25
259469.2638 	DATA 	Keypress: 5
259469.2642 	DATA 	Keypress: 5
259469.2644 	DATA 	Keypress: 5
259473.2661 	DATA 	Keypress: 5
259473.2665 	DATA 	Keypress: 5
259473.2669 	DATA 	Keypress: 5
259473.2672 	DATA 	Keypress: 5
259475.2520 	DATA 	Keypress: 5
259475.2760 	Level Condition: 0 	25
259475.2825 	Level image=bottled_water.jpg 	25
259477.2500 	Level injecting via pump at address 0 	25
259479.2617 	DATA 	Keypress: 5
259479.2620 	DATA 	Keypress: 5
259479.2623 	DATA 	Keypress: 5
259479.2627 	DATA 	Keypress: 5
259483.2657 	DATA 	Keypress: 5
259483.2660 	DATA 	Keypress: 5
259483.2664 	DATA 	Keypress: 5
259485.2519 	DATA 	Keypress: 5
259485.2523 	DATA 	Keypress: 5
259485.2611 	Level Condition: 0 	25
259485.2661 	Level image=bottled_water.jpg 	25
259487.2500 	Level injecting via pump at address 0 	25
259489.2619 	DATA 	Keypress: 5
259489.2623 	DATA 	Keypress: 5
259489.2625 	DATA 	Keypress: 5
259493.2655 	DATA 	Keypress: 5
259493.2803 	DATA 	Keypress: 5
259493.2809 	DATA 	Keypress: 5
259493.2814 	DATA 	Keypress: 5
259495.2519 	DATA 	Keypress: 5
259495.2523 	DATA 	Keypress: 5
259495.2638 	Level Condition: 1 	25
259495.2689 	Level image=bottled_water.jpg 	25
259497.2500 	Level injecting via pump at address 1 	25
259499.2620 	DATA 	Keypress: 5
259499.2624 	DATA 	Keypress: 5
259499.2626 	DATA 	Keypress: 5
259503.2680 	DATA 	Keypress: 5
259503.2684 	DATA 	Keypress: 5
259503.2688 	DATA 	Keypress: 5
259503.2694 	DATA 	Keypress: 5
259505.2520 	DATA 	Keypress: 5
259505.2643 	Level Condition: 2 	25
259505.2689 	Level image=tampico.jpg 	25
259507.2500 	Level injecting via pump at address 1 	25
259509.2619 	DATA 	Keypress: 5
259509.2623 	DATA 	Keypress: 5
259509.2747 	DATA 	Keypress: 5
259509.2752 	DATA 	Keypress: 5
259513.2652 	DATA 	Keypress: 5
259513.2657 	DATA 	Keypress: 5
259513.2659 	DATA 	Keypress: 5
259515.2520 	DATA 	Keypress: 5
259515.2523 	DATA 	Keypress: 5
259515.2650 	Level Condition: 2 	25
259515.2679 	Level image=tampico.jpg 	25
259517.2500 	Level injecting via pump at address 1 	25
259519.2620 	DATA 	Keypress: 5
259519.2623 	DATA 	Keypress: 5
259519.2626 	DATA 	Keypress: 5
259523.2661 	DATA 	Keypress: 5
259523.2664 	DATA 	Keypress: 5
259523.2667 	DATA 	Keypress: 5
259523.2670 	DATA 	Keypress: 5
259525.2521 	DATA 	Keypress: 5
259525.2638 	Level Condition: 0 	25
259525.2691 	Level image=bottled_water.jpg 	25
259525.2927 	DATA 	Keypress: 5
259527.2501 	Level injecting via pump at address 0 	25
259529.2616 	DATA 	Keypress: 5
259529.2620 	DATA 	Keypress: 5
259529.2622 	DATA 	Keypress: 5
259533.2650 	DATA 	Keypress: 5
259533.2654 	DATA 	Keypress: 5
259533.2657 	DATA 	Keypress: 5
259535.2522 	DATA 	Keypress: 5
259535.2526 	DATA 	Keypress: 5
259535.2682 	Level Condition: 3 	25
259535.2720 	Level image=tampico.jpg 	25
259537.2500 	Level injecting via pump at address 0 	25
259539.2663 	DATA 	Keypress: 5
259539.2667 	DATA 	Keypress: 5
259539.2669 	DATA 	Keypress: 5
259539.2673 	DATA 	Keypress: 5
259543.2658 	DATA 	Keypress: 5
259543.2759 	DATA 	Keypress: 5
259543.2763 	DATA 	Keypress: 5
259545.2521 	DATA 	Keypress: 5
259545.2525 	DATA 	Keypress: 5
259545.2707 	Level Condition: 2 	25
259545.2739 	Level image=tampico.jpg 	25
259547.2500 	Level injecting via pump at address 1 	25
259549.2620 	DATA 	Keypress: 5
259549.2624 	DATA 	Keypress: 5
259549.2626 	DATA 	Keypress: 5
259553.2659 	DATA 	Keypress: 5
259553.2663 	DATA 	Keypress: 5
259553.2666 	DATA 	Keypress: 5
259553.2669 	DATA 	Keypress: 5
259555.2521 	DATA 	Keypress: 5
259555.2636 	Level Condition: 3 	25
259555.2664 	Level image=tampico.jpg 	25
259557.2501 	Level injecting via pump at address 0 	25
259559.2662 	DATA 	Keypress: 5
259559.2832 	DATA 	Keypress: 5
259559.2837 	DATA 	Keypress: 5
259559.2845 	DATA 	Keypress: 5
259563.2653 	DATA 	Keypress: 5
259563.2656 	DATA 	Keypress: 5
259563.2660 	DATA 	Keypress: 5
259565.2519 	DATA 	Keypress: 5
259565.2523 	DATA 	Keypress: 5
259565.2711 	Level Condition: 1 	25
259565.2771 	Level image=bottled_water.jpg 	25
259567.2499 	Level injecting via pump at address 1 	25
259569.2619 	DATA 	Keypress: 5
259569.2623 	DATA 	Keypress: 5
259569.2650 	DATA 	Keypress: 5
259573.2660 	DATA 	Keypress: 5
259573.2689 	DATA 	Keypress: 5
259573.2693 	DATA 	Keypress: 5
259573.2697 	DATA 	Keypress: 5
259575.2519 	DATA 	Keypress: 5
259575.2522 	DATA 	Keypress: 5
259575.2731 	Level Condition: 3 	25
259575.2768 	Level image=tampico.jpg 	25
259577.2500 	Level injecting via pump at address 0 	25
259579.2618 	DATA 	Keypress: 5
259579.2622 	DATA 	Keypress: 5
259579.2625 	DATA 	Keypress: 5
259583.2654 	DATA 	Keypress: 5
259583.2658 	DATA 	Keypress: 5
259583.2661 	DATA 	Keypress: 5
259583.2666 	DATA 	Keypress: 5
259585.2521 	DATA 	Keypress: 5
259585.2614 	Level Condition: 2 	25
259585.2644 	Level image=tampico.jpg 	25
259587.2500 	Level injecting via pump at address 1 	25
259589.2666 	DATA 	Keypress: 5
259589.2670 	DATA 	Keypress: 5
259589.2672 	DATA 	Keypress: 5
259589.2676 	DATA 	Keypress: 5
259593.2717 	DATA 	Keypress: 5
259593.2722 	DATA 	Keypress: 5
259593.2854 	DATA 	Keypress: 5
259595.2518 	DATA 	Keypress: 5
259595.2522 	DATA 	Keypress: 5
259595.2706 	Level Condition: 2 	25
259595.2737 	Level image=tampico.jpg 	25
259597.2500 	Level injecting via pump at address 1 	25
259599.2618 	DATA 	Keypress: 5
259599.2622 	DATA 	Keypress: 5
259599.2625 	DATA 	Keypress: 5
259603.2657 	DATA 	Keypress: 5
259603.2687 	DATA 	Keypress: 5
259603.2691 	DATA 	Keypress: 5
259603.2695 	DATA 	Keypress: 5
259605.2520 	DATA 	Keypress: 5
259605.2742 	Level Condition: 0 	25
259605.2801 	Level image=bottled_water.jpg 	25
259607.2500 	Level injecting via pump at address 0 	25
259609.2620 	DATA 	Keypress: 5
259609.2737 	DATA 	Keypress: 5
259609.2741 	DATA 	Keypress: 5
259609.2746 	DATA 	Keypress: 5
259613.2694 	DATA 	Keypress: 5
259613.2697 	DATA 	Keypress: 5
259613.2700 	DATA 	Keypress: 5
259615.2520 	DATA 	Keypress: 5
259615.2523 	DATA 	Keypress: 5
259615.2765 	Level Condition: 2 	25
259615.2802 	Level image=tampico.jpg 	25
259617.2500 	Level injecting via pump at address 1 	25
259619.2621 	DATA 	Keypress: 5
259619.2625 	DATA 	Keypress: 5
259619.2627 	DATA 	Keypress: 5
259619.2632 	DATA 	Keypress: 5
259623.2659 	DATA 	Keypress: 5
259623.2663 	DATA 	Keypress: 5
259623.2666 	DATA 	Keypress: 5
259625.2520 	DATA 	Keypress: 5
259625.2547 	DATA 	Keypress: 5
259625.2663 	Level Condition: 0 	25
259625.2717 	Level image=bottled_water.jpg 	25
259627.2499 	Level injecting via pump at address 0 	25
259629.2616 	DATA 	Keypress: 5
259629.2619 	DATA 	Keypress: 5
259629.2621 	DATA 	Keypress: 5
259633.2664 	DATA 	Keypress: 5
259633.2668 	DATA 	Keypress: 5
259633.2671 	DATA 	Keypress: 5
259633.2675 	DATA 	Keypress: 5
259635.2520 	DATA 	Keypress: 5
259635.2730 	Level Condition: 1 	25
259635.2785 	Level image=bottled_water.jpg 	25
259637.2500 	Level injecting via pump at address 1 	25
259639.2621 	DATA 	Keypress: 5
259639.2625 	DATA 	Keypress: 5
259639.2627 	DATA 	Keypress: 5
259639.2631 	DATA 	Keypress: 5
259643.2657 	DATA 	Keypress: 5
259643.2743 	DATA 	Keypress: 5
259643.2746 	DATA 	Keypress: 5
259645.2522 	DATA 	Keypress: 5
259645.2525 	DATA 	Keypress: 5
259645.2772 	Level Condition: 0 	25
259645.2829 	Level image=bottled_water.jpg 	25
259647.2500 	Level injecting via pump at address 0 	25
259649.2621 	DATA 	Keypress: 5
259649.2625 	DATA 	Keypress: 5
259649.2628 	DATA 	Keypress: 5
259653.2657 	DATA 	Keypress: 5
259653.2660 	DATA 	Keypress: 5
259653.2663 	DATA 	Keypress: 5
259653.2667 	DATA 	Keypress: 5
259655.2520 	DATA 	Keypress: 5
259655.2524 	DATA 	Keypress: 5
259655.2620 	Level Condition: 1 	25
259655.2668 	Level image=bottled_water.jpg 	25
259657.2500 	Level injecting via pump at address 1 	25
259659.2615 	DATA 	Keypress: 5
259659.2802 	DATA 	Keypress: 5
259659.2806 	DATA 	Keypress: 5
259663.2656 	DATA 	Keypress: 5
259663.2660 	DATA 	Keypress: 5
259663.2663 	DATA 	Keypress: 5
259665.2520 	DATA 	Keypress: 5
259665.2524 	DATA 	Keypress: 5
259665.2637 	Level Condition: 2 	25
259665.2670 	Level image=tampico.jpg 	25
259667.2500 	Level injecting via pump at address 1 	25
259669.2638 	DATA 	Keypress: 5
259669.2642 	DATA 	Keypress: 5
259669.2645 	DATA 	Keypress: 5
259669.2649 	DATA 	Keypress: 5
259673.2657 	DATA 	Keypress: 5
259673.2676 	DATA 	Keypress: 5
259673.2679 	DATA 	Keypress: 5
259675.2520 	DATA 	Keypress: 5
259675.2548 	DATA 	Keypress: 5
259675.2640 	Level Condition: 0 	25
259675.2700 	Level image=bottled_water.jpg 	25
259677.2500 	Level injecting via pump at address 0 	25
259679.2617 	DATA 	Keypress: 5
259679.2622 	DATA 	Keypress: 5
259679.2624 	DATA 	Keypress: 5
259683.2661 	DATA 	Keypress: 5
259683.2664 	DATA 	Keypress: 5
259683.2667 	DATA 	Keypress: 5
259683.2670 	DATA 	Keypress: 5
259685.2519 	DATA 	Keypress: 5
259764.8373 	DATA 	Keypress: 5
259764.8754 	Level Condition: 1 	25
259764.8826 	Level image=bottled_water.jpg 	25
259766.8677 	Level injecting via pump at address 1 	25
259768.8761 	DATA 	Keypress: 5
259768.8765 	DATA 	Keypress: 5
259768.8767 	DATA 	Keypress: 5
259772.8821 	DATA 	Keypress: 5
259772.8824 	DATA 	Keypress: 5
259772.8827 	DATA 	Keypress: 5
259774.8663 	DATA 	Keypress: 5
259774.8693 	DATA 	Keypress: 5
259774.8938 	Level Condition: 0 	25
259774.9005 	Level image=bottled_water.jpg 	25
259776.8644 	Level injecting via pump at address 0 	25
259778.8765 	DATA 	Keypress: 5
259778.8770 	DATA 	Keypress: 5
259778.8772 	DATA 	Keypress: 5
259778.8776 	DATA 	Keypress: 5
259782.8798 	DATA 	Keypress: 5
259782.8801 	DATA 	Keypress: 5
259782.8804 	DATA 	Keypress: 5
259784.8663 	DATA 	Keypress: 5
259784.8666 	DATA 	Keypress: 5
259784.8810 	Level Condition: 2 	25
259784.8844 	Level image=tampico.jpg 	25
259786.8644 	Level injecting via pump at address 1 	25
259788.8759 	DATA 	Keypress: 5
259788.8763 	DATA 	Keypress: 5
259788.8765 	DATA 	Keypress: 5
259792.8798 	DATA 	Keypress: 5
259792.8801 	DATA 	Keypress: 5
259792.8804 	DATA 	Keypress: 5
259792.8807 	DATA 	Keypress: 5
259794.8662 	DATA 	Keypress: 5
259794.8783 	Level Condition: 0 	25
259794.8834 	Level image=bottled_water.jpg 	25
259796.8644 	Level injecting via pump at address 0 	25
259798.8769 	DATA 	Keypress: 5
259798.8773 	DATA 	Keypress: 5
259798.8859 	DATA 	Keypress: 5
259798.8864 	DATA 	Keypress: 5
259802.8796 	DATA 	Keypress: 5
259802.8799 	DATA 	Keypress: 5
259802.8803 	DATA 	Keypress: 5
259804.8663 	DATA 	Keypress: 5
259804.8667 	DATA 	Keypress: 5
259804.8787 	Level Condition: 0 	25
259804.8841 	Level image=bottled_water.jpg 	25
259806.8643 	Level injecting via pump at address 0 	25
259808.8761 	DATA 	Keypress: 5
259808.8765 	DATA 	Keypress: 5
259808.8767 	DATA 	Keypress: 5
259812.8794 	DATA 	Keypress: 5
259812.8959 	DATA 	Keypress: 5
259812.8965 	DATA 	Keypress: 5
259812.8969 	DATA 	Keypress: 5
259814.8661 	DATA 	Keypress: 5
259814.8665 	DATA 	Keypress: 5
259814.8801 	Level Condition: 2 	25
259814.8833 	Level image=tampico.jpg 	25
259816.8644 	Level injecting via pump at address 1 	25
259818.8761 	DATA 	Keypress: 5
259818.8765 	DATA 	Keypress: 5
259818.8768 	DATA 	Keypress: 5
259822.8799 	DATA 	Keypress: 5
259822.8970 	DATA 	Keypress: 5
259822.8975 	DATA 	Keypress: 5
259822.8981 	DATA 	Keypress: 5
259824.8665 	DATA 	Keypress: 5
259824.8848 	Level Condition: 2 	25
259824.8883 	Level image=tampico.jpg 	25
259826.8644 	Level injecting via pump at address 1 	25
259828.8781 	DATA 	Keypress: 5
259828.8785 	DATA 	Keypress: 5
259828.8787 	DATA 	Keypress: 5
259828.8791 	DATA 	Keypress: 5
259832.8795 	DATA 	Keypress: 5
259832.8892 	DATA 	Keypress: 5
259832.8897 	DATA 	Keypress: 5
259834.8664 	DATA 	Keypress: 5
259834.8668 	DATA 	Keypress: 5
259834.8853 	Level Condition: 2 	25
259834.8886 	Level image=tampico.jpg 	25
259836.8644 	Level injecting via pump at address 1 	25
259838.8770 	DATA 	Keypress: 5
259838.8773 	DATA 	Keypress: 5
259838.8776 	DATA 	Keypress: 5
259842.8797 	DATA 	Keypress: 5
259842.8800 	DATA 	Keypress: 5
259842.8803 	DATA 	Keypress: 5
259842.8805 	DATA 	Keypress: 5
259844.8663 	DATA 	Keypress: 5
259844.8771 	DATA 	Keypress: 5
259844.8835 	Level Condition: 1 	25
259844.8893 	Level image=bottled_water.jpg 	25
259846.8644 	Level injecting via pump at address 1 	25
259848.8758 	DATA 	Keypress: 5
259848.8762 	DATA 	Keypress: 5
259848.8764 	DATA 	Keypress: 5
259852.8791 	DATA 	Keypress: 5
259852.8795 	DATA 	Keypress: 5
259852.8798 	DATA 	Keypress: 5
259854.8662 	DATA 	Keypress: 5
259854.8666 	DATA 	Keypress: 5
259854.8853 	Level Condition: 0 	25
259854.8906 	Level image=bottled_water.jpg 	25
259856.8644 	Level injecting via pump at address 0 	25
259858.8763 	DATA 	Keypress: 5
259858.8767 	DATA 	Keypress: 5
259858.8801 	DATA 	Keypress: 5
259858.8807 	DATA 	Keypress: 5
259862.8805 	DATA 	Keypress: 5
259862.8808 	DATA 	Keypress: 5
259862.8812 	DATA 	Keypress: 5
259864.8664 	DATA 	Keypress: 5
259864.8667 	DATA 	Keypress: 5
259864.8873 	Level Condition: 3 	25
259864.8909 	Level image=tampico.jpg 	25
259866.8644 	Level injecting via pump at address 0 	25
259868.8757 	DATA 	Keypress: 5
259868.8761 	DATA 	Keypress: 5
259868.8843 	DATA 	Keypress: 5
259872.8799 	DATA 	Keypress: 5
259872.8802 	DATA 	Keypress: 5
259872.8805 	DATA 	Keypress: 5
259872.8808 	DATA 	Keypress: 5
259874.8663 	DATA 	Keypress: 5
259874.8878 	Level Condition: 2 	25
259874.8911 	Level image=tampico.jpg 	25
259876.8644 	Level injecting via pump at address 1 	25
259878.8778 	DATA 	Keypress: 5
259878.8782 	DATA 	Keypress: 5
259878.8785 	DATA 	Keypress: 5
259878.8789 	DATA 	Keypress: 5
259882.8801 	DATA 	Keypress: 5
259882.8987 	DATA 	Keypress: 5
259882.8992 	DATA 	Keypress: 5
259884.8661 	DATA 	Keypress: 5
259884.8665 	DATA 	Keypress: 5
259884.8835 	Level Condition: 1 	25
259884.8890 	Level image=bottled_water.jpg 	25
259886.8644 	Level injecting via pump at address 1 	25
259888.8762 	DATA 	Keypress: 5
259888.8765 	DATA 	Keypress: 5
259888.8768 	DATA 	Keypress: 5
259892.8798 	DATA 	Keypress: 5
259892.9032 	DATA 	Keypress: 5
259892.9036 	DATA 	Keypress: 5
259892.9040 	DATA 	Keypress: 5
259894.8662 	DATA 	Keypress: 5
259894.8665 	DATA 	Keypress: 5
259894.8882 	Level Condition: 0 	25
259894.8939 	Level image=bottled_water.jpg 	25
259896.8644 	Level injecting via pump at address 0 	25
259898.8759 	DATA 	Keypress: 5
259898.8763 	DATA 	Keypress: 5
259898.8765 	DATA 	Keypress: 5
259902.8813 	DATA 	Keypress: 5
259902.8914 	DATA 	Keypress: 5
259902.8919 	DATA 	Keypress: 5
259902.8925 	DATA 	Keypress: 5
259904.8668 	DATA 	Keypress: 5
259904.8929 	Level Condition: 3 	25
259904.8963 	Level image=tampico.jpg 	25
259906.8644 	Level injecting via pump at address 0 	25
259908.8760 	DATA 	Keypress: 5
259908.8764 	DATA 	Keypress: 5
259908.8766 	DATA 	Keypress: 5
259908.8770 	DATA 	Keypress: 5
259912.8802 	DATA 	Keypress: 5
259912.8889 	DATA 	Keypress: 5
259912.8893 	DATA 	Keypress: 5
259914.8663 	DATA 	Keypress: 5
259914.8667 	DATA 	Keypress: 5
259914.8825 	Level Condition: 0 	25
259914.8889 	Level image=bottled_water.jpg 	25
259916.8644 	Level injecting via pump at address 0 	25
259918.8758 	DATA 	Keypress: 5
259918.8762 	DATA 	Keypress: 5
259918.8764 	DATA 	Keypress: 5
259922.8802 	DATA 	Keypress: 5
259922.8902 	DATA 	Keypress: 5
259922.8906 	DATA 	Keypress: 5
259922.8910 	DATA 	Keypress: 5
259924.8664 	DATA 	Keypress: 5
259924.8872 	Level Condition: 3 	25
259924.8906 	Level image=tampico.jpg 	25
259926.8644 	Level injecting via pump at address 0 	25
259928.8759 	DATA 	Keypress: 5
259928.8763 	DATA 	Keypress: 5
259928.8765 	DATA 	Keypress: 5
259928.8769 	DATA 	Keypress: 5
259932.8796 	DATA 	Keypress: 5
259932.8894 	DATA 	Keypress: 5
259932.8898 	DATA 	Keypress: 5
259934.8664 	DATA 	Keypress: 5
259934.8667 	DATA 	Keypress: 5
259934.8763 	Level Condition: 2 	25
259934.8790 	Level image=tampico.jpg 	25
259936.8645 	Level injecting via pump at address 1 	25
259938.8760 	DATA 	Keypress: 5
259938.8763 	DATA 	Keypress: 5
259938.8766 	DATA 	Keypress: 5
259938.8770 	DATA 	Keypress: 5
259942.8805 	DATA 	Keypress: 5
259942.8925 	DATA 	Keypress: 5
259942.8929 	DATA 	Keypress: 5
259944.8664 	DATA 	Keypress: 5
259944.8667 	DATA 	Keypress: 5
259944.8762 	Level Condition: 0 	25
259944.8812 	Level image=bottled_water.jpg 	25
259946.8644 	Level injecting via pump at address 0 	25
259948.8806 	DATA 	Keypress: 5
259948.8810 	DATA 	Keypress: 5
259948.8812 	DATA 	Keypress: 5
259952.8949 	DATA 	Keypress: 5
259952.8954 	DATA 	Keypress: 5
259952.8957 	DATA 	Keypress: 5
259952.8962 	DATA 	Keypress: 5
259954.8661 	DATA 	Keypress: 5
259954.8804 	Level Condition: 3 	25
259954.8835 	Level image=tampico.jpg 	25
259956.8644 	Level injecting via pump at address 0 	25
259958.8758 	DATA 	Keypress: 5
259958.8762 	DATA 	Keypress: 5
259958.8799 	DATA 	Keypress: 5
259958.8804 	DATA 	Keypress: 5
259962.8798 	DATA 	Keypress: 5
259962.8955 	DATA 	Keypress: 5
259962.8960 	DATA 	Keypress: 5
259964.8662 	DATA 	Keypress: 5
259964.8666 	DATA 	Keypress: 5
259964.8812 	Level Condition: 2 	25
259964.8842 	Level image=tampico.jpg 	25
259966.8644 	Level injecting via pump at address 1 	25
259968.8759 	DATA 	Keypress: 5
259968.8763 	DATA 	Keypress: 5
259968.8766 	DATA 	Keypress: 5
259972.8796 	DATA 	Keypress: 5
259972.8933 	DATA 	Keypress: 5
259972.8937 	DATA 	Keypress: 5
259972.8941 	DATA 	Keypress: 5
259974.8661 	DATA 	Keypress: 5
259974.8665 	DATA 	Keypress: 5
259974.8757 	Level Condition: 2 	25
259974.8785 	Level image=tampico.jpg 	25
259976.8644 	Level injecting via pump at address 1 	25
259978.8758 	DATA 	Keypress: 5
259978.8762 	DATA 	Keypress: 5
259978.8766 	DATA 	Keypress: 5
259982.8800 	DATA 	Keypress: 5
259982.8973 	DATA 	Keypress: 5
259982.8978 	DATA 	Keypress: 5
259984.8662 	DATA 	Keypress: 5
259984.8666 	DATA 	Keypress: 5
259984.8838 	Level Condition: 1 	25
259984.8891 	Level image=bottled_water.jpg 	25
259986.8644 	Level injecting via pump at address 1 	25
259988.8803 	DATA 	Keypress: 5
259988.8807 	DATA 	Keypress: 5
259988.8809 	DATA 	Keypress: 5
259988.8815 	DATA 	Keypress: 5
259992.8812 	DATA 	Keypress: 5
259992.8816 	DATA 	Keypress: 5
259992.8818 	DATA 	Keypress: 5
259994.8663 	DATA 	Keypress: 5
259994.8667 	DATA 	Keypress: 5
259994.8843 	Level Condition: 0 	25
259994.8905 	Level image=bottled_water.jpg 	25
259996.8644 	Level injecting via pump at address 0 	25
259998.8761 	DATA 	Keypress: 5
259998.8764 	DATA 	Keypress: 5
259998.8767 	DATA 	Keypress: 5
260002.8805 	DATA 	Keypress: 5
260002.8913 	DATA 	Keypress: 5
260002.8916 	DATA 	Keypress: 5
260002.8920 	DATA 	Keypress: 5
260004.8664 	DATA 	Keypress: 5
