16.5130 	WARNING 	Movie2 stim could not be imported and won't be available
67.3800 	DATA 	Keypress: 5
67.4317 	Level Condition: 2 	25
67.4443 	Level image=tampico.jpg 	25
69.4238 	Level injecting via pump at address 1 	25
71.4326 	DATA 	Keypress: 5
71.4330 	DATA 	Keypress: 5
71.4333 	DATA 	Keypress: 5
75.4374 	DATA 	Keypress: 5
75.4377 	DATA 	Keypress: 5
75.4379 	DATA 	Keypress: 5
77.4234 	DATA 	Keypress: 5
77.4261 	DATA 	Keypress: 5
77.4444 	Level Condition: 0 	25
77.4522 	Level image=bottled_water.jpg 	25
79.4212 	Level injecting via pump at address 0 	25
81.4327 	DATA 	Keypress: 5
81.4331 	DATA 	Keypress: 5
81.4333 	DATA 	Keypress: 5
81.4338 	DATA 	Keypress: 5
85.4360 	DATA 	Keypress: 5
85.4364 	DATA 	Keypress: 5
85.4394 	DATA 	Keypress: 5
87.4232 	DATA 	Keypress: 5
87.4236 	DATA 	Keypress: 5
87.4364 	Level Condition: 1 	25
87.4422 	Level image=bottled_water.jpg 	25
89.4212 	Level injecting via pump at address 1 	25
91.4332 	DATA 	Keypress: 5
91.4336 	DATA 	Keypress: 5
91.4338 	DATA 	Keypress: 5
95.4374 	DATA 	Keypress: 5
95.4461 	DATA 	Keypress: 5
95.4465 	DATA 	Keypress: 5
95.4468 	DATA 	Keypress: 5
97.4236 	DATA 	Keypress: 5
97.4435 	Level Condition: 2 	25
97.4474 	Level image=tampico.jpg 	25
99.4212 	Level injecting via pump at address 1 	25
101.4331 	DATA 	Keypress: 5
101.4360 	DATA 	Keypress: 5
101.4363 	DATA 	Keypress: 5
101.4367 	DATA 	Keypress: 5
105.4368 	DATA 	Keypress: 5
105.4371 	DATA 	Keypress: 5
105.4375 	DATA 	Keypress: 5
107.4234 	DATA 	Keypress: 5
107.4237 	DATA 	Keypress: 5
107.4475 	Level Condition: 3 	25
107.4508 	Level image=tampico.jpg 	25
109.4212 	Level injecting via pump at address 0 	25
111.4328 	DATA 	Keypress: 5
111.4331 	DATA 	Keypress: 5
111.4334 	DATA 	Keypress: 5
115.4367 	DATA 	Keypress: 5
115.4372 	DATA 	Keypress: 5
115.4375 	DATA 	Keypress: 5
115.4378 	DATA 	Keypress: 5
117.4235 	DATA 	Keypress: 5
117.4238 	DATA 	Keypress: 5
117.4354 	Level Condition: 0 	25
117.4409 	Level image=bottled_water.jpg 	25
119.4212 	Level injecting via pump at address 0 	25
121.4349 	DATA 	Keypress: 5
121.4353 	DATA 	Keypress: 5
121.4485 	DATA 	Keypress: 5
125.4435 	DATA 	Keypress: 5
125.4439 	DATA 	Keypress: 5
125.4442 	DATA 	Keypress: 5
125.4445 	DATA 	Keypress: 5
127.4235 	DATA 	Keypress: 5
127.4409 	Level Condition: 3 	25
127.4447 	Level image=tampico.jpg 	25
129.4213 	Level injecting via pump at address 0 	25
131.4331 	DATA 	Keypress: 5
131.4335 	DATA 	Keypress: 5
131.4338 	DATA 	Keypress: 5
131.4342 	DATA 	Keypress: 5
135.4369 	DATA 	Keypress: 5
135.4516 	DATA 	Keypress: 5
135.4521 	DATA 	Keypress: 5
137.4233 	DATA 	Keypress: 5
137.4237 	DATA 	Keypress: 5
137.4360 	Level Condition: 0 	25
137.4427 	Level image=bottled_water.jpg 	25
139.4212 	Level injecting via pump at address 0 	25
141.4328 	DATA 	Keypress: 5
141.4331 	DATA 	Keypress: 5
141.4334 	DATA 	Keypress: 5
145.4409 	DATA 	Keypress: 5
145.4412 	DATA 	Keypress: 5
145.4415 	DATA 	Keypress: 5
145.4418 	DATA 	Keypress: 5
147.4237 	DATA 	Keypress: 5
147.4241 	DATA 	Keypress: 5
147.4326 	Level Condition: 0 	25
147.4374 	Level image=bottled_water.jpg 	25
149.4212 	Level injecting via pump at address 0 	25
151.4329 	DATA 	Keypress: 5
151.4333 	DATA 	Keypress: 5
151.4336 	DATA 	Keypress: 5
155.4367 	DATA 	Keypress: 5
155.4371 	DATA 	Keypress: 5
155.4373 	DATA 	Keypress: 5
157.4233 	DATA 	Keypress: 5
157.4236 	DATA 	Keypress: 5
157.4345 	Level Condition: 0 	25
157.4395 	Level image=bottled_water.jpg 	25
159.4212 	Level injecting via pump at address 0 	25
161.4326 	DATA 	Keypress: 5
161.4330 	DATA 	Keypress: 5
161.4527 	DATA 	Keypress: 5
161.4533 	DATA 	Keypress: 5
165.4721 	DATA 	Keypress: 5
165.4726 	DATA 	Keypress: 5
165.4728 	DATA 	Keypress: 5
167.4232 	DATA 	Keypress: 5
167.4236 	DATA 	Keypress: 5
167.4356 	Level Condition: 3 	25
167.4393 	Level image=tampico.jpg 	25
169.4212 	Level injecting via pump at address 0 	25
171.4325 	DATA 	Keypress: 5
171.4328 	DATA 	Keypress: 5
171.4331 	DATA 	Keypress: 5
175.4367 	DATA 	Keypress: 5
175.4482 	DATA 	Keypress: 5
175.4487 	DATA 	Keypress: 5
175.4491 	DATA 	Keypress: 5
177.4235 	DATA 	Keypress: 5
177.4387 	Level Condition: 3 	25
177.4420 	Level image=tampico.jpg 	25
179.4212 	Level injecting via pump at address 0 	25
181.4330 	DATA 	Keypress: 5
181.4334 	DATA 	Keypress: 5
181.4337 	DATA 	Keypress: 5
181.4341 	DATA 	Keypress: 5
185.4364 	DATA 	Keypress: 5
185.4368 	DATA 	Keypress: 5
185.4371 	DATA 	Keypress: 5
187.4232 	DATA 	Keypress: 5
187.4258 	DATA 	Keypress: 5
187.4347 	Level Condition: 2 	25
187.4375 	Level image=tampico.jpg 	25
189.4212 	Level injecting via pump at address 1 	25
191.4327 	DATA 	Keypress: 5
191.4330 	DATA 	Keypress: 5
191.4333 	DATA 	Keypress: 5
195.4405 	DATA 	Keypress: 5
195.4408 	DATA 	Keypress: 5
195.4411 	DATA 	Keypress: 5
195.4414 	DATA 	Keypress: 5
197.4235 	DATA 	Keypress: 5
197.4239 	DATA 	Keypress: 5
197.4408 	Level Condition: 1 	25
197.4468 	Level image=bottled_water.jpg 	25
199.4212 	Level injecting via pump at address 1 	25
201.4326 	DATA 	Keypress: 5
201.4330 	DATA 	Keypress: 5
201.4332 	DATA 	Keypress: 5
205.4366 	DATA 	Keypress: 5
205.4370 	DATA 	Keypress: 5
205.4373 	DATA 	Keypress: 5
205.4377 	DATA 	Keypress: 5
207.4234 	DATA 	Keypress: 5
207.4410 	Level Condition: 2 	25
207.4449 	Level image=tampico.jpg 	25
209.4212 	Level injecting via pump at address 1 	25
211.4332 	DATA 	Keypress: 5
211.4335 	DATA 	Keypress: 5
211.4471 	DATA 	Keypress: 5
211.4476 	DATA 	Keypress: 5
215.4372 	DATA 	Keypress: 5
215.4375 	DATA 	Keypress: 5
215.4378 	DATA 	Keypress: 5
217.4234 	DATA 	Keypress: 5
217.4237 	DATA 	Keypress: 5
217.4341 	Level Condition: 2 	25
217.4371 	Level image=tampico.jpg 	25
219.4212 	Level injecting via pump at address 1 	25
221.4329 	DATA 	Keypress: 5
221.4333 	DATA 	Keypress: 5
221.4359 	DATA 	Keypress: 5
225.4370 	DATA 	Keypress: 5
225.4537 	DATA 	Keypress: 5
225.4541 	DATA 	Keypress: 5
225.4545 	DATA 	Keypress: 5
227.4233 	DATA 	Keypress: 5
227.4426 	Level Condition: 0 	25
227.4498 	Level image=bottled_water.jpg 	25
227.4599 	DATA 	Keypress: 5
229.4212 	Level injecting via pump at address 0 	25
231.4331 	DATA 	Keypress: 5
231.4334 	DATA 	Keypress: 5
231.4361 	DATA 	Keypress: 5
235.4360 	DATA 	Keypress: 5
235.4602 	DATA 	Keypress: 5
235.4608 	DATA 	Keypress: 5
237.4232 	DATA 	Keypress: 5
237.4236 	DATA 	Keypress: 5
237.4438 	Level Condition: 2 	25
237.4475 	Level image=tampico.jpg 	25
239.4212 	Level injecting via pump at address 1 	25
241.4327 	DATA 	Keypress: 5
241.4331 	DATA 	Keypress: 5
241.4333 	DATA 	Keypress: 5
241.4338 	DATA 	Keypress: 5
245.4369 	DATA 	Keypress: 5
245.4468 	DATA 	Keypress: 5
245.4473 	DATA 	Keypress: 5
247.4233 	DATA 	Keypress: 5
247.4237 	DATA 	Keypress: 5
247.4453 	Level Condition: 1 	25
247.4513 	Level image=bottled_water.jpg 	25
249.4212 	Level injecting via pump at address 1 	25
251.4330 	DATA 	Keypress: 5
251.4333 	DATA 	Keypress: 5
251.4336 	DATA 	Keypress: 5
255.4372 	DATA 	Keypress: 5
255.4525 	DATA 	Keypress: 5
255.4529 	DATA 	Keypress: 5
255.4533 	DATA 	Keypress: 5
257.4236 	DATA 	Keypress: 5
257.4365 	Level Condition: 0 	25
257.4416 	Level image=bottled_water.jpg 	25
259.4212 	Level injecting via pump at address 0 	25
261.4333 	DATA 	Keypress: 5
261.4337 	DATA 	Keypress: 5
261.4339 	DATA 	Keypress: 5
261.4343 	DATA 	Keypress: 5
265.4366 	DATA 	Keypress: 5
265.4450 	DATA 	Keypress: 5
265.4455 	DATA 	Keypress: 5
267.4233 	DATA 	Keypress: 5
267.4237 	DATA 	Keypress: 5
267.4427 	Level Condition: 1 	25
267.4484 	Level image=bottled_water.jpg 	25
269.4212 	Level injecting via pump at address 1 	25
271.4332 	DATA 	Keypress: 5
271.4335 	DATA 	Keypress: 5
271.4338 	DATA 	Keypress: 5
275.4458 	DATA 	Keypress: 5
275.4463 	DATA 	Keypress: 5
275.4466 	DATA 	Keypress: 5
275.4472 	DATA 	Keypress: 5
277.4235 	DATA 	Keypress: 5
277.4238 	DATA 	Keypress: 5
277.4473 	Level Condition: 2 	25
277.4510 	Level image=tampico.jpg 	25
279.4212 	Level injecting via pump at address 1 	25
281.4324 	DATA 	Keypress: 5
281.4328 	DATA 	Keypress: 5
281.4330 	DATA 	Keypress: 5
285.4363 	DATA 	Keypress: 5
285.4471 	DATA 	Keypress: 5
285.4475 	DATA 	Keypress: 5
287.4233 	DATA 	Keypress: 5
287.4238 	DATA 	Keypress: 5
287.4336 	Level Condition: 2 	25
287.4364 	Level image=tampico.jpg 	25
289.4212 	Level injecting via pump at address 1 	25
291.4327 	DATA 	Keypress: 5
291.4330 	DATA 	Keypress: 5
291.4333 	DATA 	Keypress: 5
291.4337 	DATA 	Keypress: 5
295.4371 	DATA 	Keypress: 5
295.4498 	DATA 	Keypress: 5
295.4502 	DATA 	Keypress: 5
297.4236 	DATA 	Keypress: 5
297.4239 	DATA 	Keypress: 5
297.4322 	Level Condition: 0 	25
297.4372 	Level image=bottled_water.jpg 	25
299.4212 	Level injecting via pump at address 0 	25
301.4329 	DATA 	Keypress: 5
301.4333 	DATA 	Keypress: 5
301.4350 	DATA 	Keypress: 5
305.4509 	DATA 	Keypress: 5
305.4513 	DATA 	Keypress: 5
305.4517 	DATA 	Keypress: 5
305.4521 	DATA 	Keypress: 5
307.4235 	DATA 	Keypress: 5
394.7039 	DATA 	Keypress: 5
394.7512 	Level Condition: 2 	25
394.7559 	Level image=tampico.jpg 	25
396.7346 	Level injecting via pump at address 1 	25
398.7430 	DATA 	Keypress: 5
398.7433 	DATA 	Keypress: 5
398.7436 	DATA 	Keypress: 5
402.7483 	DATA 	Keypress: 5
402.7488 	DATA 	Keypress: 5
402.7590 	DATA 	Keypress: 5
404.7339 	DATA 	Keypress: 5
404.7343 	DATA 	Keypress: 5
404.7447 	Level Condition: 3 	25
404.7482 	Level image=tampico.jpg 	25
406.7318 	Level injecting via pump at address 0 	25
408.7440 	DATA 	Keypress: 5
408.7444 	DATA 	Keypress: 5
408.7447 	DATA 	Keypress: 5
408.7451 	DATA 	Keypress: 5
412.7482 	DATA 	Keypress: 5
412.7485 	DATA 	Keypress: 5
412.7488 	DATA 	Keypress: 5
414.7338 	DATA 	Keypress: 5
414.7362 	DATA 	Keypress: 5
414.7483 	Level Condition: 0 	25
414.7537 	Level image=bottled_water.jpg 	25
416.7318 	Level injecting via pump at address 0 	25
418.7430 	DATA 	Keypress: 5
418.7434 	DATA 	Keypress: 5
418.7436 	DATA 	Keypress: 5
422.7479 	DATA 	Keypress: 5
422.7482 	DATA 	Keypress: 5
422.7485 	DATA 	Keypress: 5
422.7488 	DATA 	Keypress: 5
424.7339 	DATA 	Keypress: 5
424.7426 	Level Condition: 0 	25
424.7481 	Level image=bottled_water.jpg 	25
426.7318 	Level injecting via pump at address 0 	25
428.7442 	DATA 	Keypress: 5
428.7447 	DATA 	Keypress: 5
428.7557 	DATA 	Keypress: 5
428.7564 	DATA 	Keypress: 5
432.7477 	DATA 	Keypress: 5
432.7480 	DATA 	Keypress: 5
432.7483 	DATA 	Keypress: 5
434.7339 	DATA 	Keypress: 5
434.7343 	DATA 	Keypress: 5
434.7458 	Level Condition: 0 	25
434.7513 	Level image=bottled_water.jpg 	25
436.7318 	Level injecting via pump at address 0 	25
438.7447 	DATA 	Keypress: 5
438.7451 	DATA 	Keypress: 5
438.7453 	DATA 	Keypress: 5
442.7472 	DATA 	Keypress: 5
442.7477 	DATA 	Keypress: 5
442.7480 	DATA 	Keypress: 5
442.7483 	DATA 	Keypress: 5
444.7337 	DATA 	Keypress: 5
444.7341 	DATA 	Keypress: 5
444.7453 	Level Condition: 1 	25
444.7502 	Level image=bottled_water.jpg 	25
446.7318 	Level injecting via pump at address 1 	25
448.7434 	DATA 	Keypress: 5
448.7447 	DATA 	Keypress: 5
448.7450 	DATA 	Keypress: 5
452.7468 	DATA 	Keypress: 5
452.7472 	DATA 	Keypress: 5
452.7475 	DATA 	Keypress: 5
452.7479 	DATA 	Keypress: 5
454.7339 	DATA 	Keypress: 5
454.7479 	Level Condition: 2 	25
454.7512 	Level image=tampico.jpg 	25
456.7318 	Level injecting via pump at address 1 	25
458.7434 	DATA 	Keypress: 5
458.7437 	DATA 	Keypress: 5
458.7440 	DATA 	Keypress: 5
458.7444 	DATA 	Keypress: 5
462.7470 	DATA 	Keypress: 5
462.7568 	DATA 	Keypress: 5
462.7573 	DATA 	Keypress: 5
464.7339 	DATA 	Keypress: 5
464.7343 	DATA 	Keypress: 5
464.7502 	Level Condition: 2 	25
464.7535 	Level image=tampico.jpg 	25
466.7318 	Level injecting via pump at address 1 	25
468.7432 	DATA 	Keypress: 5
468.7435 	DATA 	Keypress: 5
468.7438 	DATA 	Keypress: 5
472.7470 	DATA 	Keypress: 5
472.7474 	DATA 	Keypress: 5
472.7477 	DATA 	Keypress: 5
472.7480 	DATA 	Keypress: 5
474.7338 	DATA 	Keypress: 5
474.7427 	Level Condition: 2 	25
474.7455 	Level image=tampico.jpg 	25
474.7717 	DATA 	Keypress: 5
476.7318 	Level injecting via pump at address 1 	25
478.7436 	DATA 	Keypress: 5
478.7440 	DATA 	Keypress: 5
478.7648 	DATA 	Keypress: 5
482.7469 	DATA 	Keypress: 5
482.7473 	DATA 	Keypress: 5
482.7475 	DATA 	Keypress: 5
484.7339 	DATA 	Keypress: 5
484.7342 	DATA 	Keypress: 5
484.7505 	Level Condition: 1 	25
484.7564 	Level image=bottled_water.jpg 	25
486.7318 	Level injecting via pump at address 1 	25
488.7434 	DATA 	Keypress: 5
488.7437 	DATA 	Keypress: 5
488.7468 	DATA 	Keypress: 5
488.7473 	DATA 	Keypress: 5
492.7480 	DATA 	Keypress: 5
492.7483 	DATA 	Keypress: 5
492.7487 	DATA 	Keypress: 5
494.7340 	DATA 	Keypress: 5
494.7365 	DATA 	Keypress: 5
494.7524 	Level Condition: 1 	25
494.7580 	Level image=bottled_water.jpg 	25
496.7318 	Level injecting via pump at address 1 	25
498.7435 	DATA 	Keypress: 5
498.7438 	DATA 	Keypress: 5
498.7441 	DATA 	Keypress: 5
502.7476 	DATA 	Keypress: 5
502.7480 	DATA 	Keypress: 5
502.7483 	DATA 	Keypress: 5
502.7486 	DATA 	Keypress: 5
504.7338 	DATA 	Keypress: 5
504.7530 	Level Condition: 3 	25
504.7567 	Level image=tampico.jpg 	25
506.7321 	Level injecting via pump at address 0 	25
508.7433 	DATA 	Keypress: 5
508.7436 	DATA 	Keypress: 5
508.7462 	DATA 	Keypress: 5
508.7468 	DATA 	Keypress: 5
512.7468 	DATA 	Keypress: 5
512.7649 	DATA 	Keypress: 5
512.7654 	DATA 	Keypress: 5
514.7337 	DATA 	Keypress: 5
514.7341 	DATA 	Keypress: 5
514.7504 	Level Condition: 0 	25
514.7564 	Level image=bottled_water.jpg 	25
516.7318 	Level injecting via pump at address 0 	25
518.7433 	DATA 	Keypress: 5
518.7436 	DATA 	Keypress: 5
518.7438 	DATA 	Keypress: 5
522.7471 	DATA 	Keypress: 5
522.7474 	DATA 	Keypress: 5
522.7477 	DATA 	Keypress: 5
522.7481 	DATA 	Keypress: 5
524.7340 	DATA 	Keypress: 5
524.7344 	DATA 	Keypress: 5
524.7535 	Level Condition: 3 	25
524.7570 	Level image=tampico.jpg 	25
526.7318 	Level injecting via pump at address 0 	25
528.7432 	DATA 	Keypress: 5
528.7537 	DATA 	Keypress: 5
528.7542 	DATA 	Keypress: 5
532.7467 	DATA 	Keypress: 5
532.7470 	DATA 	Keypress: 5
532.7473 	DATA 	Keypress: 5
532.7477 	DATA 	Keypress: 5
534.7339 	DATA 	Keypress: 5
534.7561 	Level Condition: 0 	25
534.7621 	Level image=bottled_water.jpg 	25
536.7318 	Level injecting via pump at address 0 	25
538.7434 	DATA 	Keypress: 5
538.7438 	DATA 	Keypress: 5
538.7440 	DATA 	Keypress: 5
538.7445 	DATA 	Keypress: 5
542.7470 	DATA 	Keypress: 5
542.7489 	DATA 	Keypress: 5
542.7492 	DATA 	Keypress: 5
544.7339 	DATA 	Keypress: 5
544.7367 	DATA 	Keypress: 5
544.7577 	Level Condition: 3 	25
544.7613 	Level image=tampico.jpg 	25
546.7318 	Level injecting via pump at address 0 	25
548.7434 	DATA 	Keypress: 5
548.7438 	DATA 	Keypress: 5
548.7440 	DATA 	Keypress: 5
552.7480 	DATA 	Keypress: 5
552.7509 	DATA 	Keypress: 5
552.7512 	DATA 	Keypress: 5
552.7515 	DATA 	Keypress: 5
554.7339 	DATA 	Keypress: 5
554.7521 	Level Condition: 2 	25
554.7556 	Level image=tampico.jpg 	25
556.7318 	Level injecting via pump at address 1 	25
558.7432 	DATA 	Keypress: 5
558.7437 	DATA 	Keypress: 5
558.7440 	DATA 	Keypress: 5
558.7444 	DATA 	Keypress: 5
562.7474 	DATA 	Keypress: 5
562.7585 	DATA 	Keypress: 5
562.7590 	DATA 	Keypress: 5
564.7340 	DATA 	Keypress: 5
564.7343 	DATA 	Keypress: 5
564.7582 	Level Condition: 2 	25
564.7615 	Level image=tampico.jpg 	25
566.7319 	Level injecting via pump at address 1 	25
568.7434 	DATA 	Keypress: 5
568.7437 	DATA 	Keypress: 5
568.7440 	DATA 	Keypress: 5
568.7445 	DATA 	Keypress: 5
572.7467 	DATA 	Keypress: 5
572.7471 	DATA 	Keypress: 5
572.7474 	DATA 	Keypress: 5
574.7339 	DATA 	Keypress: 5
574.7343 	DATA 	Keypress: 5
574.7433 	Level Condition: 1 	25
574.7483 	Level image=bottled_water.jpg 	25
576.7318 	Level injecting via pump at address 1 	25
578.7433 	DATA 	Keypress: 5
578.7591 	DATA 	Keypress: 5
578.7595 	DATA 	Keypress: 5
582.7469 	DATA 	Keypress: 5
582.7472 	DATA 	Keypress: 5
582.7475 	DATA 	Keypress: 5
582.7479 	DATA 	Keypress: 5
584.7338 	DATA 	Keypress: 5
584.7499 	Level Condition: 0 	25
584.7556 	Level image=bottled_water.jpg 	25
586.7318 	Level injecting via pump at address 0 	25
588.7436 	DATA 	Keypress: 5
588.7440 	DATA 	Keypress: 5
588.7442 	DATA 	Keypress: 5
588.7447 	DATA 	Keypress: 5
592.7493 	DATA 	Keypress: 5
592.7496 	DATA 	Keypress: 5
592.7499 	DATA 	Keypress: 5
594.7338 	DATA 	Keypress: 5
594.7364 	DATA 	Keypress: 5
594.7555 	Level Condition: 2 	25
594.7592 	Level image=tampico.jpg 	25
596.7318 	Level injecting via pump at address 1 	25
598.7432 	DATA 	Keypress: 5
598.7436 	DATA 	Keypress: 5
598.7438 	DATA 	Keypress: 5
602.7472 	DATA 	Keypress: 5
602.7476 	DATA 	Keypress: 5
602.7479 	DATA 	Keypress: 5
602.7482 	DATA 	Keypress: 5
604.7338 	DATA 	Keypress: 5
604.7342 	DATA 	Keypress: 5
604.7427 	Level Condition: 0 	25
604.7478 	Level image=bottled_water.jpg 	25
606.7318 	Level injecting via pump at address 0 	25
608.7436 	DATA 	Keypress: 5
608.7439 	DATA 	Keypress: 5
608.7442 	DATA 	Keypress: 5
612.7502 	DATA 	Keypress: 5
612.7505 	DATA 	Keypress: 5
612.7954 	DATA 	Keypress: 5
612.7962 	DATA 	Keypress: 5
614.7338 	DATA 	Keypress: 5
614.7451 	Level Condition: 2 	25
614.7483 	Level image=tampico.jpg 	25
616.7318 	Level injecting via pump at address 1 	25
618.7435 	DATA 	Keypress: 5
618.7438 	DATA 	Keypress: 5
618.7441 	DATA 	Keypress: 5
618.7445 	DATA 	Keypress: 5
622.7468 	DATA 	Keypress: 5
622.7471 	DATA 	Keypress: 5
622.7475 	DATA 	Keypress: 5
624.7338 	DATA 	Keypress: 5
624.7341 	DATA 	Keypress: 5
624.7469 	Level Condition: 0 	25
624.7521 	Level image=bottled_water.jpg 	25
626.7318 	Level injecting via pump at address 0 	25
628.7433 	DATA 	Keypress: 5
628.7550 	DATA 	Keypress: 5
628.7554 	DATA 	Keypress: 5
632.7470 	DATA 	Keypress: 5
632.7473 	DATA 	Keypress: 5
632.7476 	DATA 	Keypress: 5
632.7480 	DATA 	Keypress: 5
634.7339 	DATA 	Keypress: 5
