4025.8539 	WARNING 	Movie2 stim could not be imported and won't be available
4189.4301 	DATA 	Keypress: 5
4189.4854 	Level Condition: 1 	25
4189.5018 	Level image=bottled_water.jpg 	25
4191.4600 	Level injecting via pump at address 1 	25
4193.4691 	DATA 	Keypress: 5
4193.4696 	DATA 	Keypress: 5
4193.4698 	DATA 	Keypress: 5
4197.4755 	DATA 	Keypress: 5
4197.4759 	DATA 	Keypress: 5
4197.4762 	DATA 	Keypress: 5
4199.4595 	DATA 	Keypress: 5
4199.4627 	DATA 	Keypress: 5
4199.4749 	Level Condition: 2 	25
4199.4799 	Level image=tampico.jpg 	25
4201.4571 	Level injecting via pump at address 1 	25
4203.4699 	DATA 	Keypress: 5
4203.4703 	DATA 	Keypress: 5
4203.4705 	DATA 	Keypress: 5
4203.4709 	DATA 	Keypress: 5
4207.4736 	DATA 	Keypress: 5
4207.4739 	DATA 	Keypress: 5
4207.4743 	DATA 	Keypress: 5
4209.4596 	DATA 	Keypress: 5
4209.4601 	DATA 	Keypress: 5
4209.4739 	Level Condition: 0 	25
4209.4803 	Level image=bottled_water.jpg 	25
4211.4571 	Level injecting via pump at address 0 	25
4213.4703 	DATA 	Keypress: 5
4213.4707 	DATA 	Keypress: 5
4213.4709 	DATA 	Keypress: 5
4217.4733 	DATA 	Keypress: 5
4217.4929 	DATA 	Keypress: 5
4217.4933 	DATA 	Keypress: 5
4217.4937 	DATA 	Keypress: 5
4219.4592 	DATA 	Keypress: 5
4219.4779 	Level Condition: 0 	25
4219.4840 	Level image=bottled_water.jpg 	25
4221.4571 	Level injecting via pump at address 0 	25
4223.4744 	DATA 	Keypress: 5
4223.4747 	DATA 	Keypress: 5
4223.4751 	DATA 	Keypress: 5
4223.4755 	DATA 	Keypress: 5
4227.4735 	DATA 	Keypress: 5
4227.4738 	DATA 	Keypress: 5
4227.4742 	DATA 	Keypress: 5
4229.4594 	DATA 	Keypress: 5
4229.4597 	DATA 	Keypress: 5
4229.4760 	Level Condition: 2 	25
4229.4791 	Level image=tampico.jpg 	25
4231.4571 	Level injecting via pump at address 1 	25
4233.4793 	DATA 	Keypress: 5
4233.4798 	DATA 	Keypress: 5
4233.4802 	DATA 	Keypress: 5
4237.4738 	DATA 	Keypress: 5
4237.4743 	DATA 	Keypress: 5
4237.4745 	DATA 	Keypress: 5
4237.4749 	DATA 	Keypress: 5
4239.4593 	DATA 	Keypress: 5
4239.4596 	DATA 	Keypress: 5
4239.4709 	Level Condition: 1 	25
4239.4763 	Level image=bottled_water.jpg 	25
4241.4571 	Level injecting via pump at address 1 	25
4243.4711 	DATA 	Keypress: 5
4243.4746 	DATA 	Keypress: 5
4243.4751 	DATA 	Keypress: 5
4247.4863 	DATA 	Keypress: 5
4247.4867 	DATA 	Keypress: 5
4247.4870 	DATA 	Keypress: 5
4247.4875 	DATA 	Keypress: 5
4249.4594 	DATA 	Keypress: 5
4249.4779 	Level Condition: 3 	25
4249.4816 	Level image=tampico.jpg 	25
4251.4571 	Level injecting via pump at address 0 	25
4253.4699 	DATA 	Keypress: 5
4253.4702 	DATA 	Keypress: 5
4253.4705 	DATA 	Keypress: 5
4253.4709 	DATA 	Keypress: 5
4257.4731 	DATA 	Keypress: 5
4257.4769 	DATA 	Keypress: 5
4257.4773 	DATA 	Keypress: 5
4259.4594 	DATA 	Keypress: 5
4259.4597 	DATA 	Keypress: 5
4259.4819 	Level Condition: 0 	25
4259.4898 	Level image=bottled_water.jpg 	25
4261.4571 	Level injecting via pump at address 0 	25
4263.4699 	DATA 	Keypress: 5
4263.4815 	DATA 	Keypress: 5
4263.4819 	DATA 	Keypress: 5
4267.4739 	DATA 	Keypress: 5
4267.4768 	DATA 	Keypress: 5
4267.4771 	DATA 	Keypress: 5
4267.4774 	DATA 	Keypress: 5
4269.4594 	DATA 	Keypress: 5
4269.4679 	Level Condition: 1 	25
4269.4728 	Level image=bottled_water.jpg 	25
4269.4981 	DATA 	Keypress: 5
4271.4571 	Level injecting via pump at address 1 	25
4273.4777 	DATA 	Keypress: 5
4273.4782 	DATA 	Keypress: 5
4273.4814 	DATA 	Keypress: 5
4277.4733 	DATA 	Keypress: 5
4277.4832 	DATA 	Keypress: 5
4277.4837 	DATA 	Keypress: 5
4279.4597 	DATA 	Keypress: 5
4279.4600 	DATA 	Keypress: 5
4279.4767 	Level Condition: 3 	25
4279.4807 	Level image=tampico.jpg 	25
4281.4571 	Level injecting via pump at address 0 	25
4283.4743 	DATA 	Keypress: 5
4283.4746 	DATA 	Keypress: 5
4283.4749 	DATA 	Keypress: 5
4283.4785 	DATA 	Keypress: 5
4287.5146 	DATA 	Keypress: 5
4287.5150 	DATA 	Keypress: 5
4287.5153 	DATA 	Keypress: 5
4289.4593 	DATA 	Keypress: 5
4289.4597 	DATA 	Keypress: 5
4289.4809 	Level Condition: 2 	25
4289.4843 	Level image=tampico.jpg 	25
4291.4573 	Level injecting via pump at address 1 	25
4293.4702 	DATA 	Keypress: 5
4293.4706 	DATA 	Keypress: 5
4293.4710 	DATA 	Keypress: 5
4297.4740 	DATA 	Keypress: 5
4297.4774 	DATA 	Keypress: 5
4297.4777 	DATA 	Keypress: 5
4297.4780 	DATA 	Keypress: 5
4299.4594 	DATA 	Keypress: 5
4299.4681 	Level Condition: 2 	25
4299.4710 	Level image=tampico.jpg 	25
4301.4573 	Level injecting via pump at address 1 	25
4303.4706 	DATA 	Keypress: 5
4303.4710 	DATA 	Keypress: 5
4303.4713 	DATA 	Keypress: 5
4303.4717 	DATA 	Keypress: 5
4307.4732 	DATA 	Keypress: 5
4307.4871 	DATA 	Keypress: 5
4307.4875 	DATA 	Keypress: 5
4309.4592 	DATA 	Keypress: 5
4309.4596 	DATA 	Keypress: 5
4309.4699 	Level Condition: 0 	25
4309.4755 	Level image=bottled_water.jpg 	25
4311.4571 	Level injecting via pump at address 0 	25
4313.4697 	DATA 	Keypress: 5
4313.4700 	DATA 	Keypress: 5
4313.4703 	DATA 	Keypress: 5
4317.4765 	DATA 	Keypress: 5
4317.4770 	DATA 	Keypress: 5
4317.4773 	DATA 	Keypress: 5
4317.4776 	DATA 	Keypress: 5
4319.4594 	DATA 	Keypress: 5
4319.4597 	DATA 	Keypress: 5
4319.4715 	Level Condition: 3 	25
4319.4764 	Level image=tampico.jpg 	25
4321.4571 	Level injecting via pump at address 0 	25
4323.4788 	DATA 	Keypress: 5
4323.4792 	DATA 	Keypress: 5
4323.4795 	DATA 	Keypress: 5
4327.4820 	DATA 	Keypress: 5
4327.4824 	DATA 	Keypress: 5
4327.4827 	DATA 	Keypress: 5
4327.4831 	DATA 	Keypress: 5
4329.4596 	DATA 	Keypress: 5
4329.4721 	Level Condition: 0 	25
4329.4781 	Level image=bottled_water.jpg 	25
4331.4571 	Level injecting via pump at address 0 	25
4333.4752 	DATA 	Keypress: 5
4333.4793 	DATA 	Keypress: 5
4333.4799 	DATA 	Keypress: 5
4333.4807 	DATA 	Keypress: 5
4337.4757 	DATA 	Keypress: 5
4337.4761 	DATA 	Keypress: 5
4337.4765 	DATA 	Keypress: 5
4339.4620 	DATA 	Keypress: 5
4339.4623 	DATA 	Keypress: 5
4339.4705 	Level Condition: 0 	25
4339.4756 	Level image=bottled_water.jpg 	25
4341.4571 	Level injecting via pump at address 0 	25
4343.4720 	DATA 	Keypress: 5
4343.4724 	DATA 	Keypress: 5
4343.4727 	DATA 	Keypress: 5
4347.4797 	DATA 	Keypress: 5
4347.4800 	DATA 	Keypress: 5
4347.4803 	DATA 	Keypress: 5
4347.4806 	DATA 	Keypress: 5
4349.4593 	DATA 	Keypress: 5
4349.4758 	Level Condition: 2 	25
4349.4795 	Level image=tampico.jpg 	25
4351.4572 	Level injecting via pump at address 1 	25
4353.4752 	DATA 	Keypress: 5
4353.4757 	DATA 	Keypress: 5
4353.4761 	DATA 	Keypress: 5
4353.4768 	DATA 	Keypress: 5
4357.4759 	DATA 	Keypress: 5
4357.4762 	DATA 	Keypress: 5
4357.4765 	DATA 	Keypress: 5
4359.4594 	DATA 	Keypress: 5
4359.4598 	DATA 	Keypress: 5
4359.4776 	Level Condition: 0 	25
4359.4835 	Level image=bottled_water.jpg 	25
4361.4571 	Level injecting via pump at address 0 	25
4363.4730 	DATA 	Keypress: 5
4363.4814 	DATA 	Keypress: 5
4363.4818 	DATA 	Keypress: 5
4363.4823 	DATA 	Keypress: 5
4367.4738 	DATA 	Keypress: 5
4367.4742 	DATA 	Keypress: 5
4367.4745 	DATA 	Keypress: 5
4369.4595 	DATA 	Keypress: 5
4369.4599 	DATA 	Keypress: 5
4369.4696 	Level Condition: 0 	25
4369.4749 	Level image=bottled_water.jpg 	25
4371.4571 	Level injecting via pump at address 0 	25
4373.4697 	DATA 	Keypress: 5
4373.4702 	DATA 	Keypress: 5
4373.4705 	DATA 	Keypress: 5
4377.4767 	DATA 	Keypress: 5
4377.4773 	DATA 	Keypress: 5
4377.4777 	DATA 	Keypress: 5
4377.4782 	DATA 	Keypress: 5
4379.4594 	DATA 	Keypress: 5
4379.4774 	Level Condition: 2 	25
4379.4811 	Level image=tampico.jpg 	25
4381.4571 	Level injecting via pump at address 1 	25
4383.4705 	DATA 	Keypress: 5
4383.4708 	DATA 	Keypress: 5
4383.4711 	DATA 	Keypress: 5
4383.4716 	DATA 	Keypress: 5
4387.4762 	DATA 	Keypress: 5
4387.4766 	DATA 	Keypress: 5
4387.4769 	DATA 	Keypress: 5
4389.4593 	DATA 	Keypress: 5
4389.4596 	DATA 	Keypress: 5
4389.4794 	Level Condition: 2 	25
4389.4825 	Level image=tampico.jpg 	25
4391.4571 	Level injecting via pump at address 1 	25
4393.4732 	DATA 	Keypress: 5
4393.4737 	DATA 	Keypress: 5
4393.4740 	DATA 	Keypress: 5
4397.4747 	DATA 	Keypress: 5
4397.4782 	DATA 	Keypress: 5
4397.4786 	DATA 	Keypress: 5
4397.4789 	DATA 	Keypress: 5
4399.4597 	DATA 	Keypress: 5
4399.4600 	DATA 	Keypress: 5
4399.4776 	Level Condition: 3 	25
4399.4810 	Level image=tampico.jpg 	25
4401.4571 	Level injecting via pump at address 0 	25
4403.4702 	DATA 	Keypress: 5
4403.4799 	DATA 	Keypress: 5
4403.4803 	DATA 	Keypress: 5
4407.4739 	DATA 	Keypress: 5
4407.4743 	DATA 	Keypress: 5
4407.4745 	DATA 	Keypress: 5
4409.4592 	DATA 	Keypress: 5
4409.4595 	DATA 	Keypress: 5
4409.4760 	Level Condition: 1 	25
4409.4820 	Level image=bottled_water.jpg 	25
4411.4572 	Level injecting via pump at address 1 	25
4413.4701 	DATA 	Keypress: 5
4413.4705 	DATA 	Keypress: 5
4413.4708 	DATA 	Keypress: 5
4413.4713 	DATA 	Keypress: 5
4417.4763 	DATA 	Keypress: 5
4417.4923 	DATA 	Keypress: 5
4417.4926 	DATA 	Keypress: 5
4419.4592 	DATA 	Keypress: 5
4419.4596 	DATA 	Keypress: 5
4419.4827 	Level Condition: 2 	25
4419.4863 	Level image=tampico.jpg 	25
4421.4571 	Level injecting via pump at address 1 	25
4423.4725 	DATA 	Keypress: 5
4423.4731 	DATA 	Keypress: 5
4423.4734 	DATA 	Keypress: 5
4427.4845 	DATA 	Keypress: 5
4427.4850 	DATA 	Keypress: 5
4427.4853 	DATA 	Keypress: 5
4427.4859 	DATA 	Keypress: 5
4429.4599 	DATA 	Keypress: 5
4514.8617 	DATA 	Keypress: 5
4514.9070 	Level Condition: 0 	25
4514.9138 	Level image=bottled_water.jpg 	25
4516.8879 	Level injecting via pump at address 0 	25
4518.9016 	DATA 	Keypress: 5
4518.9020 	DATA 	Keypress: 5
4518.9022 	DATA 	Keypress: 5
4522.9026 	DATA 	Keypress: 5
4522.9031 	DATA 	Keypress: 5
4522.9034 	DATA 	Keypress: 5
4524.8870 	DATA 	Keypress: 5
4524.8873 	DATA 	Keypress: 5
4524.8999 	Level Condition: 1 	25
4524.9053 	Level image=bottled_water.jpg 	25
4526.8848 	Level injecting via pump at address 1 	25
4528.8975 	DATA 	Keypress: 5
4528.9108 	DATA 	Keypress: 5
4528.9113 	DATA 	Keypress: 5
4528.9119 	DATA 	Keypress: 5
4532.9033 	DATA 	Keypress: 5
4532.9057 	DATA 	Keypress: 5
4532.9061 	DATA 	Keypress: 5
4534.8870 	DATA 	Keypress: 5
4534.8874 	DATA 	Keypress: 5
4534.9068 	Level Condition: 0 	25
4534.9125 	Level image=bottled_water.jpg 	25
4536.8851 	Level injecting via pump at address 0 	25
4538.8980 	DATA 	Keypress: 5
4538.8984 	DATA 	Keypress: 5
4538.8987 	DATA 	Keypress: 5
4542.9015 	DATA 	Keypress: 5
4542.9018 	DATA 	Keypress: 5
4542.9022 	DATA 	Keypress: 5
4542.9025 	DATA 	Keypress: 5
4544.8870 	DATA 	Keypress: 5
4544.9112 	Level Condition: 2 	25
4544.9149 	Level image=tampico.jpg 	25
4546.8848 	Level injecting via pump at address 1 	25
4548.8997 	DATA 	Keypress: 5
4548.9001 	DATA 	Keypress: 5
4548.9003 	DATA 	Keypress: 5
4548.9007 	DATA 	Keypress: 5
4552.9014 	DATA 	Keypress: 5
4552.9018 	DATA 	Keypress: 5
4552.9021 	DATA 	Keypress: 5
4554.8870 	DATA 	Keypress: 5
4554.8874 	DATA 	Keypress: 5
4554.8986 	Level Condition: 1 	25
4554.9036 	Level image=bottled_water.jpg 	25
4556.8852 	Level injecting via pump at address 1 	25
4558.8977 	DATA 	Keypress: 5
4558.8981 	DATA 	Keypress: 5
4558.8983 	DATA 	Keypress: 5
4562.9063 	DATA 	Keypress: 5
4562.9180 	DATA 	Keypress: 5
4562.9185 	DATA 	Keypress: 5
4562.9189 	DATA 	Keypress: 5
4564.8870 	DATA 	Keypress: 5
4564.8873 	DATA 	Keypress: 5
4564.8983 	Level Condition: 0 	25
4564.9031 	Level image=bottled_water.jpg 	25
4566.8849 	Level injecting via pump at address 0 	25
4568.8975 	DATA 	Keypress: 5
4568.8979 	DATA 	Keypress: 5
4568.8982 	DATA 	Keypress: 5
4572.9042 	DATA 	Keypress: 5
4572.9047 	DATA 	Keypress: 5
4572.9050 	DATA 	Keypress: 5
4572.9056 	DATA 	Keypress: 5
4574.8871 	DATA 	Keypress: 5
4574.9000 	Level Condition: 2 	25
4574.9035 	Level image=tampico.jpg 	25
4576.8849 	Level injecting via pump at address 1 	25
4578.8994 	DATA 	Keypress: 5
4578.8999 	DATA 	Keypress: 5
4578.9121 	DATA 	Keypress: 5
4578.9128 	DATA 	Keypress: 5
4582.9011 	DATA 	Keypress: 5
4582.9015 	DATA 	Keypress: 5
4582.9018 	DATA 	Keypress: 5
4584.8871 	DATA 	Keypress: 5
4584.8874 	DATA 	Keypress: 5
4584.8967 	Level Condition: 0 	25
4584.9017 	Level image=bottled_water.jpg 	25
4586.8849 	Level injecting via pump at address 0 	25
4588.8977 	DATA 	Keypress: 5
4588.8981 	DATA 	Keypress: 5
4588.8983 	DATA 	Keypress: 5
4592.9063 	DATA 	Keypress: 5
4592.9066 	DATA 	Keypress: 5
4592.9069 	DATA 	Keypress: 5
4592.9072 	DATA 	Keypress: 5
4594.8872 	DATA 	Keypress: 5
4594.9021 	Level Condition: 2 	25
4594.9056 	Level image=tampico.jpg 	25
4594.9297 	DATA 	Keypress: 5
4596.8849 	Level injecting via pump at address 1 	25
4598.8974 	DATA 	Keypress: 5
4598.8977 	DATA 	Keypress: 5
4598.8980 	DATA 	Keypress: 5
4602.9009 	DATA 	Keypress: 5
4602.9013 	DATA 	Keypress: 5
4602.9016 	DATA 	Keypress: 5
4604.8875 	DATA 	Keypress: 5
4604.8878 	DATA 	Keypress: 5
4604.9041 	Level Condition: 2 	25
4604.9075 	Level image=tampico.jpg 	25
4606.8849 	Level injecting via pump at address 1 	25
4608.8980 	DATA 	Keypress: 5
4608.8984 	DATA 	Keypress: 5
4608.8986 	DATA 	Keypress: 5
4608.8991 	DATA 	Keypress: 5
4612.9038 	DATA 	Keypress: 5
4612.9217 	DATA 	Keypress: 5
4612.9222 	DATA 	Keypress: 5
4614.8869 	DATA 	Keypress: 5
4614.8873 	DATA 	Keypress: 5
4614.9047 	Level Condition: 3 	25
4614.9083 	Level image=tampico.jpg 	25
4616.8849 	Level injecting via pump at address 0 	25
4618.8982 	DATA 	Keypress: 5
4618.8986 	DATA 	Keypress: 5
4618.8989 	DATA 	Keypress: 5
4622.9017 	DATA 	Keypress: 5
4622.9020 	DATA 	Keypress: 5
4622.9022 	DATA 	Keypress: 5
4622.9025 	DATA 	Keypress: 5
4624.8870 	DATA 	Keypress: 5
4624.9023 	Level Condition: 2 	25
4624.9060 	Level image=tampico.jpg 	25
4626.8850 	Level injecting via pump at address 1 	25
4628.8978 	DATA 	Keypress: 5
4628.9209 	DATA 	Keypress: 5
4628.9214 	DATA 	Keypress: 5
4628.9221 	DATA 	Keypress: 5
4632.9021 	DATA 	Keypress: 5
4632.9025 	DATA 	Keypress: 5
4632.9027 	DATA 	Keypress: 5
4634.8872 	DATA 	Keypress: 5
4634.8878 	DATA 	Keypress: 5
4634.9085 	Level Condition: 0 	25
4634.9143 	Level image=bottled_water.jpg 	25
4636.8849 	Level injecting via pump at address 0 	25
4638.8983 	DATA 	Keypress: 5
4638.8986 	DATA 	Keypress: 5
4638.8989 	DATA 	Keypress: 5
4642.9015 	DATA 	Keypress: 5
4642.9019 	DATA 	Keypress: 5
4642.9022 	DATA 	Keypress: 5
4642.9026 	DATA 	Keypress: 5
4644.8870 	DATA 	Keypress: 5
4644.8897 	DATA 	Keypress: 5
4644.9083 	Level Condition: 2 	25
4644.9121 	Level image=tampico.jpg 	25
4646.8848 	Level injecting via pump at address 1 	25
4648.9020 	DATA 	Keypress: 5
4648.9024 	DATA 	Keypress: 5
4648.9027 	DATA 	Keypress: 5
4652.9010 	DATA 	Keypress: 5
4652.9014 	DATA 	Keypress: 5
4652.9017 	DATA 	Keypress: 5
4652.9021 	DATA 	Keypress: 5
4654.8870 	DATA 	Keypress: 5
4654.9017 	Level Condition: 2 	25
4654.9048 	Level image=tampico.jpg 	25
4656.8849 	Level injecting via pump at address 1 	25
4658.8977 	DATA 	Keypress: 5
4658.8980 	DATA 	Keypress: 5
4658.8983 	DATA 	Keypress: 5
4658.8987 	DATA 	Keypress: 5
4662.9017 	DATA 	Keypress: 5
4662.9197 	DATA 	Keypress: 5
4662.9202 	DATA 	Keypress: 5
4664.8869 	DATA 	Keypress: 5
4664.8873 	DATA 	Keypress: 5
4664.9072 	Level Condition: 1 	25
4664.9132 	Level image=bottled_water.jpg 	25
4666.8849 	Level injecting via pump at address 1 	25
4668.8973 	DATA 	Keypress: 5
4668.8977 	DATA 	Keypress: 5
4668.8979 	DATA 	Keypress: 5
4672.9014 	DATA 	Keypress: 5
4672.9047 	DATA 	Keypress: 5
4672.9050 	DATA 	Keypress: 5
4672.9053 	DATA 	Keypress: 5
4674.8870 	DATA 	Keypress: 5
4674.9116 	Level Condition: 0 	25
4674.9173 	Level image=bottled_water.jpg 	25
4676.8849 	Level injecting via pump at address 0 	25
4678.9022 	DATA 	Keypress: 5
4678.9027 	DATA 	Keypress: 5
4678.9112 	DATA 	Keypress: 5
4678.9118 	DATA 	Keypress: 5
4682.9058 	DATA 	Keypress: 5
4682.9064 	DATA 	Keypress: 5
4682.9068 	DATA 	Keypress: 5
4684.8871 	DATA 	Keypress: 5
4684.8874 	DATA 	Keypress: 5
4684.8962 	Level Condition: 0 	25
4684.9010 	Level image=bottled_water.jpg 	25
4686.8849 	Level injecting via pump at address 0 	25
4688.9056 	DATA 	Keypress: 5
4688.9060 	DATA 	Keypress: 5
4688.9089 	DATA 	Keypress: 5
4688.9094 	DATA 	Keypress: 5
4692.9021 	DATA 	Keypress: 5
4692.9024 	DATA 	Keypress: 5
4692.9027 	DATA 	Keypress: 5
4694.8871 	DATA 	Keypress: 5
4694.8898 	DATA 	Keypress: 5
4694.9044 	Level Condition: 2 	25
4694.9078 	Level image=tampico.jpg 	25
4696.8849 	Level injecting via pump at address 1 	25
4698.8980 	DATA 	Keypress: 5
4698.8984 	DATA 	Keypress: 5
4698.8987 	DATA 	Keypress: 5
4702.9053 	DATA 	Keypress: 5
4702.9079 	DATA 	Keypress: 5
4702.9083 	DATA 	Keypress: 5
4702.9087 	DATA 	Keypress: 5
4704.8871 	DATA 	Keypress: 5
4704.8961 	Level Condition: 3 	25
4704.8989 	Level image=tampico.jpg 	25
4706.8850 	Level injecting via pump at address 0 	25
4708.8976 	DATA 	Keypress: 5
4708.8980 	DATA 	Keypress: 5
4708.8982 	DATA 	Keypress: 5
4708.8987 	DATA 	Keypress: 5
4712.9017 	DATA 	Keypress: 5
4712.9078 	DATA 	Keypress: 5
4712.9082 	DATA 	Keypress: 5
4714.8871 	DATA 	Keypress: 5
4714.8874 	DATA 	Keypress: 5
4714.8969 	Level Condition: 1 	25
4714.9039 	Level image=bottled_water.jpg 	25
4716.8849 	Level injecting via pump at address 1 	25
4718.8979 	DATA 	Keypress: 5
4718.8984 	DATA 	Keypress: 5
4718.8986 	DATA 	Keypress: 5
4722.9033 	DATA 	Keypress: 5
4722.9037 	DATA 	Keypress: 5
4722.9041 	DATA 	Keypress: 5
4722.9044 	DATA 	Keypress: 5
4724.8871 	DATA 	Keypress: 5
4724.8874 	DATA 	Keypress: 5
4724.8992 	Level Condition: 3 	25
4724.9023 	Level image=tampico.jpg 	25
4726.8849 	Level injecting via pump at address 0 	25
4728.8973 	DATA 	Keypress: 5
4728.9171 	DATA 	Keypress: 5
4728.9175 	DATA 	Keypress: 5
4732.9039 	DATA 	Keypress: 5
4732.9044 	DATA 	Keypress: 5
4732.9048 	DATA 	Keypress: 5
4734.8870 	DATA 	Keypress: 5
4734.8873 	DATA 	Keypress: 5
4734.9000 	Level Condition: 0 	25
4734.9053 	Level image=bottled_water.jpg 	25
4736.8849 	Level injecting via pump at address 0 	25
4738.8978 	DATA 	Keypress: 5
4738.8982 	DATA 	Keypress: 5
4738.9010 	DATA 	Keypress: 5
4738.9016 	DATA 	Keypress: 5
4742.9012 	DATA 	Keypress: 5
4742.9064 	DATA 	Keypress: 5
4742.9069 	DATA 	Keypress: 5
4744.8868 	DATA 	Keypress: 5
4744.8872 	DATA 	Keypress: 5
4744.9012 	Level Condition: 3 	25
4744.9044 	Level image=tampico.jpg 	25
4746.8848 	Level injecting via pump at address 0 	25
4748.8974 	DATA 	Keypress: 5
4748.8978 	DATA 	Keypress: 5
4748.8981 	DATA 	Keypress: 5
4752.9013 	DATA 	Keypress: 5
4752.9016 	DATA 	Keypress: 5
4752.9019 	DATA 	Keypress: 5
4752.9022 	DATA 	Keypress: 5
4754.8867 	DATA 	Keypress: 5
