394.0815 	DATA 	Keypress: 5
394.1206 	Level Condition: 3 	25
394.1260 	Level image=tampico.jpg 	25
396.1134 	Level injecting via pump at address 0 	25
398.1219 	DATA 	Keypress: 5
398.1224 	DATA 	Keypress: 5
398.1372 	DATA 	Keypress: 5
402.1272 	DATA 	Keypress: 5
402.1276 	DATA 	Keypress: 5
402.1279 	DATA 	Keypress: 5
404.1127 	DATA 	Keypress: 5
404.1130 	DATA 	Keypress: 5
404.1390 	Level Condition: 2 	25
404.1428 	Level image=tampico.jpg 	25
406.1106 	Level injecting via pump at address 1 	25
408.1220 	DATA 	Keypress: 5
408.1381 	DATA 	Keypress: 5
408.1385 	DATA 	Keypress: 5
408.1391 	DATA 	Keypress: 5
412.1259 	DATA 	Keypress: 5
412.1263 	DATA 	Keypress: 5
412.1266 	DATA 	Keypress: 5
414.1126 	DATA 	Keypress: 5
414.1130 	DATA 	Keypress: 5
414.1288 	Level Condition: 0 	25
414.1350 	Level image=bottled_water.jpg 	25
416.1107 	Level injecting via pump at address 0 	25
418.1223 	DATA 	Keypress: 5
418.1400 	DATA 	Keypress: 5
418.1405 	DATA 	Keypress: 5
422.1269 	DATA 	Keypress: 5
422.1272 	DATA 	Keypress: 5
422.1275 	DATA 	Keypress: 5
422.1280 	DATA 	Keypress: 5
424.1127 	DATA 	Keypress: 5
424.1211 	Level Condition: 0 	25
424.1263 	Level image=bottled_water.jpg 	25
426.1105 	Level injecting via pump at address 0 	25
428.1230 	DATA 	Keypress: 5
428.1234 	DATA 	Keypress: 5
428.1362 	DATA 	Keypress: 5
428.1367 	DATA 	Keypress: 5
432.1260 	DATA 	Keypress: 5
432.1264 	DATA 	Keypress: 5
432.1267 	DATA 	Keypress: 5
434.1126 	DATA 	Keypress: 5
434.1130 	DATA 	Keypress: 5
434.1248 	Level Condition: 0 	25
434.1304 	Level image=bottled_water.jpg 	25
436.1105 	Level injecting via pump at address 0 	25
438.1222 	DATA 	Keypress: 5
438.1226 	DATA 	Keypress: 5
438.1405 	DATA 	Keypress: 5
442.1260 	DATA 	Keypress: 5
442.1264 	DATA 	Keypress: 5
442.1267 	DATA 	Keypress: 5
442.1272 	DATA 	Keypress: 5
444.1127 	DATA 	Keypress: 5
444.1130 	DATA 	Keypress: 5
444.1257 	Level Condition: 3 	25
444.1289 	Level image=tampico.jpg 	25
446.1105 	Level injecting via pump at address 0 	25
448.1246 	DATA 	Keypress: 5
448.1438 	DATA 	Keypress: 5
448.1443 	DATA 	Keypress: 5
452.1274 	DATA 	Keypress: 5
452.1278 	DATA 	Keypress: 5
452.1281 	DATA 	Keypress: 5
452.1284 	DATA 	Keypress: 5
454.1127 	DATA 	Keypress: 5
454.1260 	Level Condition: 2 	25
454.1292 	Level image=tampico.jpg 	25
456.1105 	Level injecting via pump at address 1 	25
458.1224 	DATA 	Keypress: 5
458.1340 	DATA 	Keypress: 5
458.1347 	DATA 	Keypress: 5
458.1353 	DATA 	Keypress: 5
462.1265 	DATA 	Keypress: 5
462.1268 	DATA 	Keypress: 5
462.1271 	DATA 	Keypress: 5
464.1127 	DATA 	Keypress: 5
464.1130 	DATA 	Keypress: 5
464.1275 	Level Condition: 0 	25
464.1331 	Level image=bottled_water.jpg 	25
466.1105 	Level injecting via pump at address 0 	25
468.1222 	DATA 	Keypress: 5
468.1226 	DATA 	Keypress: 5
468.1400 	DATA 	Keypress: 5
472.1260 	DATA 	Keypress: 5
472.1263 	DATA 	Keypress: 5
472.1266 	DATA 	Keypress: 5
472.1270 	DATA 	Keypress: 5
474.1127 	DATA 	Keypress: 5
474.1236 	Level Condition: 0 	25
474.1286 	Level image=bottled_water.jpg 	25
474.1506 	DATA 	Keypress: 5
476.1105 	Level injecting via pump at address 0 	25
478.1222 	DATA 	Keypress: 5
478.1448 	DATA 	Keypress: 5
478.1455 	DATA 	Keypress: 5
482.1291 	DATA 	Keypress: 5
482.1295 	DATA 	Keypress: 5
482.1297 	DATA 	Keypress: 5
484.1126 	DATA 	Keypress: 5
484.1130 	DATA 	Keypress: 5
484.1305 	Level Condition: 2 	25
484.1344 	Level image=tampico.jpg 	25
486.1105 	Level injecting via pump at address 1 	25
488.1222 	DATA 	Keypress: 5
488.1320 	DATA 	Keypress: 5
488.1325 	DATA 	Keypress: 5
488.1331 	DATA 	Keypress: 5
492.1260 	DATA 	Keypress: 5
492.1287 	DATA 	Keypress: 5
492.1291 	DATA 	Keypress: 5
494.1127 	DATA 	Keypress: 5
494.1130 	DATA 	Keypress: 5
494.1319 	Level Condition: 1 	25
494.1378 	Level image=bottled_water.jpg 	25
496.1105 	Level injecting via pump at address 1 	25
498.1238 	DATA 	Keypress: 5
498.1383 	DATA 	Keypress: 5
498.1388 	DATA 	Keypress: 5
502.1255 	DATA 	Keypress: 5
502.1259 	DATA 	Keypress: 5
502.1262 	DATA 	Keypress: 5
502.1266 	DATA 	Keypress: 5
504.1127 	DATA 	Keypress: 5
504.1218 	Level Condition: 0 	25
504.1266 	Level image=bottled_water.jpg 	25
506.1105 	Level injecting via pump at address 0 	25
508.1237 	DATA 	Keypress: 5
508.1321 	DATA 	Keypress: 5
508.1325 	DATA 	Keypress: 5
508.1331 	DATA 	Keypress: 5
512.1287 	DATA 	Keypress: 5
512.1291 	DATA 	Keypress: 5
512.1294 	DATA 	Keypress: 5
514.1126 	DATA 	Keypress: 5
514.1130 	DATA 	Keypress: 5
514.1285 	Level Condition: 2 	25
514.1324 	Level image=tampico.jpg 	25
516.1105 	Level injecting via pump at address 1 	25
518.1223 	DATA 	Keypress: 5
518.1321 	DATA 	Keypress: 5
518.1327 	DATA 	Keypress: 5
522.1263 	DATA 	Keypress: 5
522.1267 	DATA 	Keypress: 5
522.1270 	DATA 	Keypress: 5
522.1274 	DATA 	Keypress: 5
524.1127 	DATA 	Keypress: 5
524.1131 	DATA 	Keypress: 5
524.1347 	Level Condition: 3 	25
524.1382 	Level image=tampico.jpg 	25
526.1105 	Level injecting via pump at address 0 	25
528.1222 	DATA 	Keypress: 5
528.1358 	DATA 	Keypress: 5
528.1363 	DATA 	Keypress: 5
532.1293 	DATA 	Keypress: 5
532.1297 	DATA 	Keypress: 5
532.1315 	DATA 	Keypress: 5
532.1322 	DATA 	Keypress: 5
534.1131 	DATA 	Keypress: 5
534.1365 	Level Condition: 0 	25
534.1426 	Level image=bottled_water.jpg 	25
536.1105 	Level injecting via pump at address 0 	25
538.1262 	DATA 	Keypress: 5
538.1352 	DATA 	Keypress: 5
538.1357 	DATA 	Keypress: 5
538.1365 	DATA 	Keypress: 5
542.1288 	DATA 	Keypress: 5
542.1292 	DATA 	Keypress: 5
542.1295 	DATA 	Keypress: 5
544.1127 	DATA 	Keypress: 5
544.1130 	DATA 	Keypress: 5
544.1276 	Level Condition: 1 	25
544.1334 	Level image=bottled_water.jpg 	25
546.1105 	Level injecting via pump at address 1 	25
548.1220 	DATA 	Keypress: 5
548.1223 	DATA 	Keypress: 5
548.1226 	DATA 	Keypress: 5
552.1303 	DATA 	Keypress: 5
552.1497 	DATA 	Keypress: 5
552.1506 	DATA 	Keypress: 5
552.1510 	DATA 	Keypress: 5
554.1125 	DATA 	Keypress: 5
554.1329 	Level Condition: 1 	25
554.1385 	Level image=bottled_water.jpg 	25
556.1106 	Level injecting via pump at address 1 	25
558.1224 	DATA 	Keypress: 5
558.1228 	DATA 	Keypress: 5
558.1230 	DATA 	Keypress: 5
558.1235 	DATA 	Keypress: 5
562.1261 	DATA 	Keypress: 5
562.1265 	DATA 	Keypress: 5
562.1268 	DATA 	Keypress: 5
564.1126 	DATA 	Keypress: 5
564.1153 	DATA 	Keypress: 5
564.1374 	Level Condition: 2 	25
564.1409 	Level image=tampico.jpg 	25
566.1105 	Level injecting via pump at address 1 	25
568.1264 	DATA 	Keypress: 5
568.1268 	DATA 	Keypress: 5
568.1272 	DATA 	Keypress: 5
568.1277 	DATA 	Keypress: 5
572.1279 	DATA 	Keypress: 5
572.1282 	DATA 	Keypress: 5
572.1285 	DATA 	Keypress: 5
574.1126 	DATA 	Keypress: 5
574.1130 	DATA 	Keypress: 5
574.1249 	Level Condition: 1 	25
574.1303 	Level image=bottled_water.jpg 	25
576.1106 	Level injecting via pump at address 1 	25
578.1221 	DATA 	Keypress: 5
578.1225 	DATA 	Keypress: 5
578.1227 	DATA 	Keypress: 5
582.1283 	DATA 	Keypress: 5
582.1287 	DATA 	Keypress: 5
582.1290 	DATA 	Keypress: 5
582.1293 	DATA 	Keypress: 5
584.1126 	DATA 	Keypress: 5
584.1248 	Level Condition: 2 	25
584.1283 	Level image=tampico.jpg 	25
586.1105 	Level injecting via pump at address 1 	25
588.1262 	DATA 	Keypress: 5
588.1418 	DATA 	Keypress: 5
588.1423 	DATA 	Keypress: 5
588.1429 	DATA 	Keypress: 5
592.1257 	DATA 	Keypress: 5
592.1261 	DATA 	Keypress: 5
592.1263 	DATA 	Keypress: 5
594.1127 	DATA 	Keypress: 5
594.1130 	DATA 	Keypress: 5
594.1244 	Level Condition: 3 	25
594.1272 	Level image=tampico.jpg 	25
596.1106 	Level injecting via pump at address 0 	25
598.1239 	DATA 	Keypress: 5
598.1243 	DATA 	Keypress: 5
598.1245 	DATA 	Keypress: 5
602.1277 	DATA 	Keypress: 5
602.1419 	DATA 	Keypress: 5
602.1423 	DATA 	Keypress: 5
602.1427 	DATA 	Keypress: 5
604.1125 	DATA 	Keypress: 5
604.1129 	DATA 	Keypress: 5
604.1244 	Level Condition: 2 	25
604.1274 	Level image=tampico.jpg 	25
606.1105 	Level injecting via pump at address 1 	25
608.1221 	DATA 	Keypress: 5
608.1225 	DATA 	Keypress: 5
608.1228 	DATA 	Keypress: 5
612.1255 	DATA 	Keypress: 5
612.1260 	DATA 	Keypress: 5
612.1262 	DATA 	Keypress: 5
614.1125 	DATA 	Keypress: 5
614.1129 	DATA 	Keypress: 5
614.1275 	Level Condition: 0 	25
614.1330 	Level image=bottled_water.jpg 	25
616.1105 	Level injecting via pump at address 0 	25
618.1227 	DATA 	Keypress: 5
618.1231 	DATA 	Keypress: 5
618.1261 	DATA 	Keypress: 5
618.1268 	DATA 	Keypress: 5
622.1260 	DATA 	Keypress: 5
622.1277 	DATA 	Keypress: 5
622.1281 	DATA 	Keypress: 5
624.1125 	DATA 	Keypress: 5
624.1128 	DATA 	Keypress: 5
624.1324 	Level Condition: 2 	25
624.1358 	Level image=tampico.jpg 	25
626.1105 	Level injecting via pump at address 1 	25
628.1223 	DATA 	Keypress: 5
628.1227 	DATA 	Keypress: 5
628.1229 	DATA 	Keypress: 5
632.1270 	DATA 	Keypress: 5
632.1273 	DATA 	Keypress: 5
632.1276 	DATA 	Keypress: 5
632.1280 	DATA 	Keypress: 5
634.1127 	DATA 	Keypress: 5
4203.1663 	DATA 	Keypress: 5
4203.2049 	Level Condition: 3 	25
4203.2106 	Level image=tampico.jpg 	25
4205.1976 	Level injecting via pump at address 0 	25
4207.2057 	DATA 	Keypress: 5
4207.2061 	DATA 	Keypress: 5
4207.2063 	DATA 	Keypress: 5
4211.2103 	DATA 	Keypress: 5
4211.2108 	DATA 	Keypress: 5
4211.2124 	DATA 	Keypress: 5
4213.1966 	DATA 	Keypress: 5
4213.1993 	DATA 	Keypress: 5
4213.2100 	Level Condition: 0 	25
4213.2157 	Level image=bottled_water.jpg 	25
4215.1945 	Level injecting via pump at address 0 	25
4217.2061 	DATA 	Keypress: 5
4217.2064 	DATA 	Keypress: 5
4217.2067 	DATA 	Keypress: 5
4217.2071 	DATA 	Keypress: 5
4221.2099 	DATA 	Keypress: 5
4221.2102 	DATA 	Keypress: 5
4221.2105 	DATA 	Keypress: 5
4223.1966 	DATA 	Keypress: 5
4223.1969 	DATA 	Keypress: 5
4223.2161 	Level Condition: 1 	25
4223.2223 	Level image=bottled_water.jpg 	25
4225.1945 	Level injecting via pump at address 1 	25
4227.2064 	DATA 	Keypress: 5
4227.2173 	DATA 	Keypress: 5
4227.2178 	DATA 	Keypress: 5
4231.2098 	DATA 	Keypress: 5
4231.2104 	DATA 	Keypress: 5
4231.2106 	DATA 	Keypress: 5
4231.2111 	DATA 	Keypress: 5
4233.1965 	DATA 	Keypress: 5
4233.2226 	Level Condition: 2 	25
4233.2264 	Level image=tampico.jpg 	25
4235.1945 	Level injecting via pump at address 1 	25
4237.2077 	DATA 	Keypress: 5
4237.2080 	DATA 	Keypress: 5
4237.2083 	DATA 	Keypress: 5
4237.2088 	DATA 	Keypress: 5
4241.2101 	DATA 	Keypress: 5
4241.2234 	DATA 	Keypress: 5
4241.2239 	DATA 	Keypress: 5
4243.1964 	DATA 	Keypress: 5
4243.1968 	DATA 	Keypress: 5
4243.2075 	Level Condition: 1 	25
4243.2132 	Level image=bottled_water.jpg 	25
4245.1945 	Level injecting via pump at address 1 	25
4247.2058 	DATA 	Keypress: 5
4247.2062 	DATA 	Keypress: 5
4247.2064 	DATA 	Keypress: 5
4251.2102 	DATA 	Keypress: 5
4251.2105 	DATA 	Keypress: 5
4251.2109 	DATA 	Keypress: 5
4251.2112 	DATA 	Keypress: 5
4253.1966 	DATA 	Keypress: 5
4253.1969 	DATA 	Keypress: 5
4253.2058 	Level Condition: 0 	25
4253.2117 	Level image=bottled_water.jpg 	25
4255.1945 	Level injecting via pump at address 0 	25
4257.2058 	DATA 	Keypress: 5
4257.2169 	DATA 	Keypress: 5
4257.2173 	DATA 	Keypress: 5
4261.2138 	DATA 	Keypress: 5
4261.2142 	DATA 	Keypress: 5
4261.2145 	DATA 	Keypress: 5
4261.2151 	DATA 	Keypress: 5
4263.1965 	DATA 	Keypress: 5
4263.2088 	Level Condition: 1 	25
4263.2144 	Level image=bottled_water.jpg 	25
4265.1945 	Level injecting via pump at address 1 	25
4267.2061 	DATA 	Keypress: 5
4267.2065 	DATA 	Keypress: 5
4267.2068 	DATA 	Keypress: 5
4267.2072 	DATA 	Keypress: 5
4271.2104 	DATA 	Keypress: 5
4271.2108 	DATA 	Keypress: 5
4271.2112 	DATA 	Keypress: 5
4273.1967 	DATA 	Keypress: 5
4273.1995 	DATA 	Keypress: 5
4273.2084 	Level Condition: 0 	25
4273.2132 	Level image=bottled_water.jpg 	25
4275.1945 	Level injecting via pump at address 0 	25
4277.2064 	DATA 	Keypress: 5
4277.2068 	DATA 	Keypress: 5
4277.2071 	DATA 	Keypress: 5
4281.2144 	DATA 	Keypress: 5
4281.2147 	DATA 	Keypress: 5
4281.2150 	DATA 	Keypress: 5
4281.2153 	DATA 	Keypress: 5
4283.1967 	DATA 	Keypress: 5
4283.2105 	Level Condition: 0 	25
4283.2157 	Level image=bottled_water.jpg 	25
4283.2363 	DATA 	Keypress: 5
4285.1945 	Level injecting via pump at address 0 	25
4287.2061 	DATA 	Keypress: 5
4287.2064 	DATA 	Keypress: 5
4287.2067 	DATA 	Keypress: 5
4291.2097 	DATA 	Keypress: 5
4291.2193 	DATA 	Keypress: 5
4291.2197 	DATA 	Keypress: 5
4293.1967 	DATA 	Keypress: 5
4293.1971 	DATA 	Keypress: 5
4293.2148 	Level Condition: 3 	25
4293.2186 	Level image=tampico.jpg 	25
4295.1945 	Level injecting via pump at address 0 	25
4297.2111 	DATA 	Keypress: 5
4297.2115 	DATA 	Keypress: 5
4297.2118 	DATA 	Keypress: 5
4297.2143 	DATA 	Keypress: 5
4301.2126 	DATA 	Keypress: 5
4301.2129 	DATA 	Keypress: 5
4301.2133 	DATA 	Keypress: 5
4303.1966 	DATA 	Keypress: 5
4303.1969 	DATA 	Keypress: 5
4303.2063 	Level Condition: 2 	25
4303.2091 	Level image=tampico.jpg 	25
4305.1945 	Level injecting via pump at address 1 	25
4307.2270 	DATA 	Keypress: 5
4307.2275 	DATA 	Keypress: 5
4307.2279 	DATA 	Keypress: 5
4311.2103 	DATA 	Keypress: 5
4311.2107 	DATA 	Keypress: 5
4311.2110 	DATA 	Keypress: 5
4311.2114 	DATA 	Keypress: 5
4313.1967 	DATA 	Keypress: 5
4313.2129 	Level Condition: 0 	25
4313.2189 	Level image=bottled_water.jpg 	25
4315.1945 	Level injecting via pump at address 0 	25
4317.2061 	DATA 	Keypress: 5
4317.2065 	DATA 	Keypress: 5
4317.2094 	DATA 	Keypress: 5
4317.2100 	DATA 	Keypress: 5
4321.2101 	DATA 	Keypress: 5
4321.2323 	DATA 	Keypress: 5
4321.2328 	DATA 	Keypress: 5
4323.1963 	DATA 	Keypress: 5
4323.1967 	DATA 	Keypress: 5
4323.2174 	Level Condition: 3 	25
4323.2210 	Level image=tampico.jpg 	25
4325.1945 	Level injecting via pump at address 0 	25
4327.2072 	DATA 	Keypress: 5
4327.2076 	DATA 	Keypress: 5
4327.2105 	DATA 	Keypress: 5
4331.2109 	DATA 	Keypress: 5
4331.2113 	DATA 	Keypress: 5
4331.2116 	DATA 	Keypress: 5
4331.2120 	DATA 	Keypress: 5
4333.1966 	DATA 	Keypress: 5
4333.1993 	DATA 	Keypress: 5
4333.2184 	Level Condition: 0 	25
4333.2243 	Level image=bottled_water.jpg 	25
4335.1945 	Level injecting via pump at address 0 	25
4337.2064 	DATA 	Keypress: 5
4337.2068 	DATA 	Keypress: 5
4337.2071 	DATA 	Keypress: 5
4341.2102 	DATA 	Keypress: 5
4341.2106 	DATA 	Keypress: 5
4341.2108 	DATA 	Keypress: 5
4341.2113 	DATA 	Keypress: 5
4343.1967 	DATA 	Keypress: 5
4343.2117 	Level Condition: 2 	25
4343.2155 	Level image=tampico.jpg 	25
4345.1946 	Level injecting via pump at address 1 	25
4347.2061 	DATA 	Keypress: 5
4347.2065 	DATA 	Keypress: 5
4347.2067 	DATA 	Keypress: 5
4347.2072 	DATA 	Keypress: 5
4351.2106 	DATA 	Keypress: 5
4351.2112 	DATA 	Keypress: 5
4351.2115 	DATA 	Keypress: 5
4353.1963 	DATA 	Keypress: 5
4353.1966 	DATA 	Keypress: 5
4353.2173 	Level Condition: 2 	25
4353.2206 	Level image=tampico.jpg 	25
4355.1945 	Level injecting via pump at address 1 	25
4357.2058 	DATA 	Keypress: 5
4357.2189 	DATA 	Keypress: 5
4357.2194 	DATA 	Keypress: 5
4361.2103 	DATA 	Keypress: 5
4361.2107 	DATA 	Keypress: 5
4361.2124 	DATA 	Keypress: 5
4361.2130 	DATA 	Keypress: 5
4363.1968 	DATA 	Keypress: 5
4363.2222 	Level Condition: 2 	25
4363.2255 	Level image=tampico.jpg 	25
4363.2480 	DATA 	Keypress: 5
4365.1945 	Level injecting via pump at address 1 	25
4367.2101 	DATA 	Keypress: 5
4367.2104 	DATA 	Keypress: 5
4367.2109 	DATA 	Keypress: 5
4371.2102 	DATA 	Keypress: 5
4371.2215 	DATA 	Keypress: 5
4371.2221 	DATA 	Keypress: 5
4373.1964 	DATA 	Keypress: 5
4373.1968 	DATA 	Keypress: 5
4373.2099 	Level Condition: 0 	25
4373.2153 	Level image=bottled_water.jpg 	25
4375.1946 	Level injecting via pump at address 0 	25
4377.2086 	DATA 	Keypress: 5
4377.2091 	DATA 	Keypress: 5
4377.2095 	DATA 	Keypress: 5
4377.2102 	DATA 	Keypress: 5
4381.2105 	DATA 	Keypress: 5
4381.2109 	DATA 	Keypress: 5
4381.2112 	DATA 	Keypress: 5
4383.1967 	DATA 	Keypress: 5
4383.1996 	DATA 	Keypress: 5
4383.2159 	Level Condition: 2 	25
4383.2196 	Level image=tampico.jpg 	25
4385.1945 	Level injecting via pump at address 1 	25
4387.2060 	DATA 	Keypress: 5
4387.2065 	DATA 	Keypress: 5
4387.2068 	DATA 	Keypress: 5
4391.2104 	DATA 	Keypress: 5
4391.2108 	DATA 	Keypress: 5
4391.2111 	DATA 	Keypress: 5
4391.2127 	DATA 	Keypress: 5
4393.1966 	DATA 	Keypress: 5
4393.2057 	Level Condition: 2 	25
4393.2087 	Level image=tampico.jpg 	25
4395.1945 	Level injecting via pump at address 1 	25
4397.2238 	DATA 	Keypress: 5
4397.2242 	DATA 	Keypress: 5
4397.2246 	DATA 	Keypress: 5
4397.2254 	DATA 	Keypress: 5
4401.2129 	DATA 	Keypress: 5
4401.2132 	DATA 	Keypress: 5
4401.2135 	DATA 	Keypress: 5
4403.1966 	DATA 	Keypress: 5
4403.1969 	DATA 	Keypress: 5
4403.2057 	Level Condition: 1 	25
4403.2108 	Level image=bottled_water.jpg 	25
4405.1945 	Level injecting via pump at address 1 	25
4407.2089 	DATA 	Keypress: 5
4407.2093 	DATA 	Keypress: 5
4407.2096 	DATA 	Keypress: 5
4411.2100 	DATA 	Keypress: 5
4411.2276 	DATA 	Keypress: 5
4411.2280 	DATA 	Keypress: 5
4411.2284 	DATA 	Keypress: 5
4413.1963 	DATA 	Keypress: 5
4413.1967 	DATA 	Keypress: 5
4413.2106 	Level Condition: 3 	25
4413.2138 	Level image=tampico.jpg 	25
4415.1945 	Level injecting via pump at address 0 	25
4417.2059 	DATA 	Keypress: 5
4417.2063 	DATA 	Keypress: 5
4417.2065 	DATA 	Keypress: 5
4421.2107 	DATA 	Keypress: 5
4421.2111 	DATA 	Keypress: 5
4421.2114 	DATA 	Keypress: 5
4423.1966 	DATA 	Keypress: 5
4423.1994 	DATA 	Keypress: 5
4423.2084 	Level Condition: 2 	25
4423.2114 	Level image=tampico.jpg 	25
4425.1945 	Level injecting via pump at address 1 	25
4427.2066 	DATA 	Keypress: 5
4427.2070 	DATA 	Keypress: 5
4427.2072 	DATA 	Keypress: 5
4427.2077 	DATA 	Keypress: 5
4431.2138 	DATA 	Keypress: 5
4431.2142 	DATA 	Keypress: 5
4431.2145 	DATA 	Keypress: 5
4433.1966 	DATA 	Keypress: 5
4433.1970 	DATA 	Keypress: 5
4433.2056 	Level Condition: 0 	25
4433.2107 	Level image=bottled_water.jpg 	25
4435.1945 	Level injecting via pump at address 0 	25
4437.2066 	DATA 	Keypress: 5
4437.2267 	DATA 	Keypress: 5
4437.2272 	DATA 	Keypress: 5
4441.2101 	DATA 	Keypress: 5
4441.2104 	DATA 	Keypress: 5
4441.2107 	DATA 	Keypress: 5
4441.2112 	DATA 	Keypress: 5
4443.1966 	DATA 	Keypress: 5
4516.7768 	DATA 	Keypress: 5
4516.8151 	Level Condition: 3 	25
4516.8208 	Level image=tampico.jpg 	25
4518.8002 	Level injecting via pump at address 0 	25
4520.8087 	DATA 	Keypress: 5
4520.8091 	DATA 	Keypress: 5
4520.8094 	DATA 	Keypress: 5
4524.8409 	DATA 	Keypress: 5
4524.8416 	DATA 	Keypress: 5
4524.8420 	DATA 	Keypress: 5
4526.7990 	DATA 	Keypress: 5
4526.7993 	DATA 	Keypress: 5
4526.8243 	Level Condition: 1 	25
4526.8303 	Level image=bottled_water.jpg 	25
4528.7970 	Level injecting via pump at address 1 	25
4530.8085 	DATA 	Keypress: 5
4530.8089 	DATA 	Keypress: 5
4530.8091 	DATA 	Keypress: 5
4530.8096 	DATA 	Keypress: 5
4534.8285 	DATA 	Keypress: 5
4534.8289 	DATA 	Keypress: 5
4534.8292 	DATA 	Keypress: 5
4536.7991 	DATA 	Keypress: 5
4536.7994 	DATA 	Keypress: 5
4536.8130 	Level Condition: 0 	25
4536.8207 	Level image=bottled_water.jpg 	25
4538.7970 	Level injecting via pump at address 0 	25
4540.8118 	DATA 	Keypress: 5
4540.8122 	DATA 	Keypress: 5
4540.8126 	DATA 	Keypress: 5
4544.8262 	DATA 	Keypress: 5
4544.8267 	DATA 	Keypress: 5
4544.8270 	DATA 	Keypress: 5
4544.8275 	DATA 	Keypress: 5
4546.7991 	DATA 	Keypress: 5
4546.8149 	Level Condition: 2 	25
4546.8184 	Level image=tampico.jpg 	25
4548.7970 	Level injecting via pump at address 1 	25
4550.8086 	DATA 	Keypress: 5
4550.8090 	DATA 	Keypress: 5
4550.8093 	DATA 	Keypress: 5
4550.8099 	DATA 	Keypress: 5
4554.8237 	DATA 	Keypress: 5
4554.8241 	DATA 	Keypress: 5
4554.8245 	DATA 	Keypress: 5
4556.7990 	DATA 	Keypress: 5
4556.7994 	DATA 	Keypress: 5
4556.8076 	Level Condition: 2 	25
4556.8105 	Level image=tampico.jpg 	25
4558.7970 	Level injecting via pump at address 1 	25
4560.8088 	DATA 	Keypress: 5
4560.8092 	DATA 	Keypress: 5
4560.8095 	DATA 	Keypress: 5
4564.8164 	DATA 	Keypress: 5
4564.8168 	DATA 	Keypress: 5
4564.8171 	DATA 	Keypress: 5
4564.8175 	DATA 	Keypress: 5
4566.7989 	DATA 	Keypress: 5
4566.8015 	DATA 	Keypress: 5
4566.8285 	Level Condition: 0 	25
4566.8343 	Level image=bottled_water.jpg 	25
4568.7970 	Level injecting via pump at address 0 	25
4570.8102 	DATA 	Keypress: 5
4570.8106 	DATA 	Keypress: 5
4570.8108 	DATA 	Keypress: 5
4574.8128 	DATA 	Keypress: 5
4574.8132 	DATA 	Keypress: 5
4574.8137 	DATA 	Keypress: 5
4574.8142 	DATA 	Keypress: 5
4576.7992 	DATA 	Keypress: 5
4576.8113 	Level Condition: 1 	25
4576.8167 	Level image=bottled_water.jpg 	25
4578.7970 	Level injecting via pump at address 1 	25
4580.8086 	DATA 	Keypress: 5
4580.8090 	DATA 	Keypress: 5
4580.8093 	DATA 	Keypress: 5
4580.8112 	DATA 	Keypress: 5
4584.8125 	DATA 	Keypress: 5
4584.8150 	DATA 	Keypress: 5
4584.8153 	DATA 	Keypress: 5
4586.7990 	DATA 	Keypress: 5
4586.7994 	DATA 	Keypress: 5
4586.8124 	Level Condition: 2 	25
4586.8159 	Level image=tampico.jpg 	25
4588.7972 	Level injecting via pump at address 1 	25
4590.8090 	DATA 	Keypress: 5
4590.8094 	DATA 	Keypress: 5
4590.8241 	DATA 	Keypress: 5
4594.8154 	DATA 	Keypress: 5
4594.8158 	DATA 	Keypress: 5
4594.8161 	DATA 	Keypress: 5
4594.8168 	DATA 	Keypress: 5
4596.7990 	DATA 	Keypress: 5
4596.8091 	Level Condition: 2 	25
4596.8119 	Level image=tampico.jpg 	25
4596.8357 	DATA 	Keypress: 5
4598.7970 	Level injecting via pump at address 1 	25
4600.8102 	DATA 	Keypress: 5
4600.8287 	DATA 	Keypress: 5
4600.8291 	DATA 	Keypress: 5
4604.8164 	DATA 	Keypress: 5
4604.8168 	DATA 	Keypress: 5
4604.8171 	DATA 	Keypress: 5
4606.7993 	DATA 	Keypress: 5
4606.7996 	DATA 	Keypress: 5
4606.8146 	Level Condition: 1 	25
4606.8206 	Level image=bottled_water.jpg 	25
4608.7970 	Level injecting via pump at address 1 	25
4610.8094 	DATA 	Keypress: 5
4610.8333 	DATA 	Keypress: 5
4610.8339 	DATA 	Keypress: 5
4610.8347 	DATA 	Keypress: 5
4614.8128 	DATA 	Keypress: 5
4614.8131 	DATA 	Keypress: 5
4614.8135 	DATA 	Keypress: 5
4616.7990 	DATA 	Keypress: 5
4616.7993 	DATA 	Keypress: 5
4616.8181 	Level Condition: 0 	25
4616.8238 	Level image=bottled_water.jpg 	25
4618.7969 	Level injecting via pump at address 0 	25
4620.8127 	DATA 	Keypress: 5
4620.8232 	DATA 	Keypress: 5
4620.8236 	DATA 	Keypress: 5
4624.8126 	DATA 	Keypress: 5
4624.8130 	DATA 	Keypress: 5
4624.8132 	DATA 	Keypress: 5
4624.8135 	DATA 	Keypress: 5
4626.7990 	DATA 	Keypress: 5
4626.8198 	Level Condition: 0 	25
4626.8252 	Level image=bottled_water.jpg 	25
4628.7969 	Level injecting via pump at address 0 	25
4630.8091 	DATA 	Keypress: 5
4630.8183 	DATA 	Keypress: 5
4630.8188 	DATA 	Keypress: 5
4630.8194 	DATA 	Keypress: 5
4634.8126 	DATA 	Keypress: 5
4634.8130 	DATA 	Keypress: 5
4634.8133 	DATA 	Keypress: 5
4636.7989 	DATA 	Keypress: 5
4636.7993 	DATA 	Keypress: 5
4636.8150 	Level Condition: 3 	25
4636.8186 	Level image=tampico.jpg 	25
4638.7970 	Level injecting via pump at address 0 	25
4640.8091 	DATA 	Keypress: 5
4640.8094 	DATA 	Keypress: 5
4640.8097 	DATA 	Keypress: 5
4644.8364 	DATA 	Keypress: 5
4644.8369 	DATA 	Keypress: 5
4644.8373 	DATA 	Keypress: 5
4644.8377 	DATA 	Keypress: 5
4646.7990 	DATA 	Keypress: 5
4646.7993 	DATA 	Keypress: 5
4646.8201 	Level Condition: 2 	25
4646.8235 	Level image=tampico.jpg 	25
4648.7970 	Level injecting via pump at address 1 	25
4650.8085 	DATA 	Keypress: 5
4650.8089 	DATA 	Keypress: 5
4650.8092 	DATA 	Keypress: 5
4654.8238 	DATA 	Keypress: 5
4654.8243 	DATA 	Keypress: 5
4654.8246 	DATA 	Keypress: 5
4654.8252 	DATA 	Keypress: 5
4656.7992 	DATA 	Keypress: 5
4656.8231 	Level Condition: 2 	25
4656.8263 	Level image=tampico.jpg 	25
4658.7970 	Level injecting via pump at address 1 	25
4660.8091 	DATA 	Keypress: 5
4660.8096 	DATA 	Keypress: 5
4660.8099 	DATA 	Keypress: 5
4660.8105 	DATA 	Keypress: 5
4664.8230 	DATA 	Keypress: 5
4664.8234 	DATA 	Keypress: 5
4664.8239 	DATA 	Keypress: 5
4666.7990 	DATA 	Keypress: 5
4666.7994 	DATA 	Keypress: 5
4666.8131 	Level Condition: 2 	25
4666.8159 	Level image=tampico.jpg 	25
4668.7970 	Level injecting via pump at address 1 	25
4670.8095 	DATA 	Keypress: 5
4670.8099 	DATA 	Keypress: 5
4670.8101 	DATA 	Keypress: 5
4674.8135 	DATA 	Keypress: 5
4674.8236 	DATA 	Keypress: 5
4674.8240 	DATA 	Keypress: 5
4674.8244 	DATA 	Keypress: 5
4676.7987 	DATA 	Keypress: 5
4676.8205 	Level Condition: 2 	25
4676.8239 	Level image=tampico.jpg 	25
4678.7970 	Level injecting via pump at address 1 	25
4680.8088 	DATA 	Keypress: 5
4680.8093 	DATA 	Keypress: 5
4680.8096 	DATA 	Keypress: 5
4680.8100 	DATA 	Keypress: 5
4684.8131 	DATA 	Keypress: 5
4684.8236 	DATA 	Keypress: 5
4684.8240 	DATA 	Keypress: 5
4686.7991 	DATA 	Keypress: 5
4686.7995 	DATA 	Keypress: 5
4686.8239 	Level Condition: 0 	25
4686.8304 	Level image=bottled_water.jpg 	25
4688.7970 	Level injecting via pump at address 0 	25
4690.8127 	DATA 	Keypress: 5
4690.8130 	DATA 	Keypress: 5
4690.8133 	DATA 	Keypress: 5
4690.8138 	DATA 	Keypress: 5
4694.8269 	DATA 	Keypress: 5
4694.8274 	DATA 	Keypress: 5
4694.8278 	DATA 	Keypress: 5
4696.7991 	DATA 	Keypress: 5
4696.7994 	DATA 	Keypress: 5
4696.8084 	Level Condition: 0 	25
4696.8130 	Level image=bottled_water.jpg 	25
4698.7971 	Level injecting via pump at address 0 	25
4700.8091 	DATA 	Keypress: 5
4700.8095 	DATA 	Keypress: 5
4700.8099 	DATA 	Keypress: 5
4704.8286 	DATA 	Keypress: 5
4704.8291 	DATA 	Keypress: 5
4704.8295 	DATA 	Keypress: 5
4704.8298 	DATA 	Keypress: 5
4706.7991 	DATA 	Keypress: 5
4706.8090 	Level Condition: 3 	25
4706.8121 	Level image=tampico.jpg 	25
4708.7969 	Level injecting via pump at address 0 	25
4710.8088 	DATA 	Keypress: 5
4710.8092 	DATA 	Keypress: 5
4710.8095 	DATA 	Keypress: 5
4710.8119 	DATA 	Keypress: 5
4714.8218 	DATA 	Keypress: 5
4714.8222 	DATA 	Keypress: 5
4714.8226 	DATA 	Keypress: 5
4716.7991 	DATA 	Keypress: 5
4716.7995 	DATA 	Keypress: 5
4716.8115 	Level Condition: 0 	25
4716.8169 	Level image=bottled_water.jpg 	25
4718.7970 	Level injecting via pump at address 0 	25
4720.8096 	DATA 	Keypress: 5
4720.8100 	DATA 	Keypress: 5
4720.8103 	DATA 	Keypress: 5
4724.8283 	DATA 	Keypress: 5
4724.8288 	DATA 	Keypress: 5
4724.8292 	DATA 	Keypress: 5
4724.8296 	DATA 	Keypress: 5
4726.7991 	DATA 	Keypress: 5
4726.7994 	DATA 	Keypress: 5
4726.8090 	Level Condition: 3 	25
4726.8121 	Level image=tampico.jpg 	25
4728.7970 	Level injecting via pump at address 0 	25
4730.8091 	DATA 	Keypress: 5
4730.8095 	DATA 	Keypress: 5
4730.8097 	DATA 	Keypress: 5
4734.8307 	DATA 	Keypress: 5
4734.8312 	DATA 	Keypress: 5
4734.8316 	DATA 	Keypress: 5
4736.7988 	DATA 	Keypress: 5
4736.7994 	DATA 	Keypress: 5
4736.8154 	Level Condition: 1 	25
4736.8211 	Level image=bottled_water.jpg 	25
4738.7970 	Level injecting via pump at address 1 	25
4740.8090 	DATA 	Keypress: 5
4740.8094 	DATA 	Keypress: 5
4740.8117 	DATA 	Keypress: 5
4740.8122 	DATA 	Keypress: 5
4744.8230 	DATA 	Keypress: 5
4744.8234 	DATA 	Keypress: 5
4744.8239 	DATA 	Keypress: 5
4746.7990 	DATA 	Keypress: 5
4746.7994 	DATA 	Keypress: 5
4746.8176 	Level Condition: 0 	25
4746.8236 	Level image=bottled_water.jpg 	25
4748.7970 	Level injecting via pump at address 0 	25
4750.8094 	DATA 	Keypress: 5
4750.8098 	DATA 	Keypress: 5
4750.8101 	DATA 	Keypress: 5
4754.8270 	DATA 	Keypress: 5
4754.8275 	DATA 	Keypress: 5
4754.8278 	DATA 	Keypress: 5
4754.8283 	DATA 	Keypress: 5
4756.7990 	DATA 	Keypress: 5
