9646.3928 	DATA 	Keypress: 5
9646.4359 	Level Condition: 2 	25
9646.4413 	Level image=tampico.jpg 	25
9648.4172 	Level injecting via pump at address 1 	25
9650.4254 	DATA 	Keypress: 5
9650.4258 	DATA 	Keypress: 5
9650.4260 	DATA 	Keypress: 5
9654.4293 	DATA 	Keypress: 5
9654.4297 	DATA 	Keypress: 5
9654.4461 	DATA 	Keypress: 5
9656.4162 	DATA 	Keypress: 5
9656.4166 	DATA 	Keypress: 5
9656.4301 	Level Condition: 3 	25
9656.4341 	Level image=tampico.jpg 	25
9658.4144 	Level injecting via pump at address 0 	25
9660.4257 	DATA 	Keypress: 5
9660.4260 	DATA 	Keypress: 5
9660.4263 	DATA 	Keypress: 5
9660.4266 	DATA 	Keypress: 5
9664.4293 	DATA 	Keypress: 5
9664.4296 	DATA 	Keypress: 5
9664.4299 	DATA 	Keypress: 5
9666.4162 	DATA 	Keypress: 5
9666.4165 	DATA 	Keypress: 5
9666.4347 	Level Condition: 0 	25
9666.4407 	Level image=bottled_water.jpg 	25
9668.4143 	Level injecting via pump at address 0 	25
9670.4256 	DATA 	Keypress: 5
9670.4353 	DATA 	Keypress: 5
9670.4358 	DATA 	Keypress: 5
9674.4297 	DATA 	Keypress: 5
9674.4323 	DATA 	Keypress: 5
9674.4326 	DATA 	Keypress: 5
9674.4329 	DATA 	Keypress: 5
9676.4162 	DATA 	Keypress: 5
9676.4371 	Level Condition: 3 	25
9676.4408 	Level image=tampico.jpg 	25
9678.4143 	Level injecting via pump at address 0 	25
9680.4263 	DATA 	Keypress: 5
9680.4299 	DATA 	Keypress: 5
9680.4305 	DATA 	Keypress: 5
9680.4310 	DATA 	Keypress: 5
9684.4296 	DATA 	Keypress: 5
9684.4299 	DATA 	Keypress: 5
9684.4302 	DATA 	Keypress: 5
9686.4162 	DATA 	Keypress: 5
9686.4188 	DATA 	Keypress: 5
9686.4371 	Level Condition: 1 	25
9686.4431 	Level image=bottled_water.jpg 	25
9688.4143 	Level injecting via pump at address 1 	25
9690.4263 	DATA 	Keypress: 5
9690.4266 	DATA 	Keypress: 5
9690.4269 	DATA 	Keypress: 5
9694.4297 	DATA 	Keypress: 5
9694.4300 	DATA 	Keypress: 5
9694.4302 	DATA 	Keypress: 5
9694.4305 	DATA 	Keypress: 5
9696.4161 	DATA 	Keypress: 5
9696.4164 	DATA 	Keypress: 5
9696.4313 	Level Condition: 1 	25
9696.4364 	Level image=bottled_water.jpg 	25
9698.4143 	Level injecting via pump at address 1 	25
9700.4262 	DATA 	Keypress: 5
9700.4266 	DATA 	Keypress: 5
9700.4268 	DATA 	Keypress: 5
9704.4295 	DATA 	Keypress: 5
9704.4299 	DATA 	Keypress: 5
9704.4345 	DATA 	Keypress: 5
9704.4350 	DATA 	Keypress: 5
9706.4163 	DATA 	Keypress: 5
9706.4396 	Level Condition: 0 	25
9706.4452 	Level image=bottled_water.jpg 	25
9708.4143 	Level injecting via pump at address 0 	25
9710.4259 	DATA 	Keypress: 5
9710.4262 	DATA 	Keypress: 5
9710.4265 	DATA 	Keypress: 5
9710.4269 	DATA 	Keypress: 5
9714.4299 	DATA 	Keypress: 5
9714.4323 	DATA 	Keypress: 5
9714.4327 	DATA 	Keypress: 5
9716.4162 	DATA 	Keypress: 5
9716.4166 	DATA 	Keypress: 5
9716.4400 	Level Condition: 2 	25
9716.4437 	Level image=tampico.jpg 	25
9718.4143 	Level injecting via pump at address 1 	25
9720.4413 	DATA 	Keypress: 5
9720.4418 	DATA 	Keypress: 5
9720.4421 	DATA 	Keypress: 5
9724.4297 	DATA 	Keypress: 5
9724.4301 	DATA 	Keypress: 5
9724.4303 	DATA 	Keypress: 5
9724.4306 	DATA 	Keypress: 5
9726.4162 	DATA 	Keypress: 5
9726.4311 	Level Condition: 0 	25
9726.4371 	Level image=bottled_water.jpg 	25
9726.4577 	DATA 	Keypress: 5
9728.4143 	Level injecting via pump at address 0 	25
9730.4256 	DATA 	Keypress: 5
9730.4260 	DATA 	Keypress: 5
9730.4262 	DATA 	Keypress: 5
9734.4292 	DATA 	Keypress: 5
9734.4296 	DATA 	Keypress: 5
9734.4299 	DATA 	Keypress: 5
9736.4162 	DATA 	Keypress: 5
9736.4188 	DATA 	Keypress: 5
9736.4368 	Level Condition: 0 	25
9736.4440 	Level image=bottled_water.jpg 	25
9738.4143 	Level injecting via pump at address 0 	25
9740.4285 	DATA 	Keypress: 5
9740.4290 	DATA 	Keypress: 5
9740.4320 	DATA 	Keypress: 5
9740.4326 	DATA 	Keypress: 5
9744.4304 	DATA 	Keypress: 5
9744.4307 	DATA 	Keypress: 5
9744.4310 	DATA 	Keypress: 5
9746.4163 	DATA 	Keypress: 5
9746.4166 	DATA 	Keypress: 5
9746.4416 	Level Condition: 0 	25
9746.4472 	Level image=bottled_water.jpg 	25
9748.4143 	Level injecting via pump at address 0 	25
9750.4268 	DATA 	Keypress: 5
9750.4272 	DATA 	Keypress: 5
9750.4274 	DATA 	Keypress: 5
9754.4301 	DATA 	Keypress: 5
9754.4439 	DATA 	Keypress: 5
9754.4443 	DATA 	Keypress: 5
9754.4446 	DATA 	Keypress: 5
9756.4161 	DATA 	Keypress: 5
9756.4266 	Level Condition: 3 	25
9756.4301 	Level image=tampico.jpg 	25
9758.4143 	Level injecting via pump at address 0 	25
9760.4259 	DATA 	Keypress: 5
9760.4262 	DATA 	Keypress: 5
9760.4265 	DATA 	Keypress: 5
9760.4269 	DATA 	Keypress: 5
9764.4296 	DATA 	Keypress: 5
9764.4299 	DATA 	Keypress: 5
9764.4302 	DATA 	Keypress: 5
9766.4162 	DATA 	Keypress: 5
9766.4165 	DATA 	Keypress: 5
9766.4275 	Level Condition: 0 	25
9766.4327 	Level image=bottled_water.jpg 	25
9768.4143 	Level injecting via pump at address 0 	25
9770.4364 	DATA 	Keypress: 5
9770.4368 	DATA 	Keypress: 5
9770.4372 	DATA 	Keypress: 5
9774.4298 	DATA 	Keypress: 5
9774.4323 	DATA 	Keypress: 5
9774.4327 	DATA 	Keypress: 5
9774.4330 	DATA 	Keypress: 5
9776.4162 	DATA 	Keypress: 5
9776.4166 	DATA 	Keypress: 5
9776.4276 	Level Condition: 2 	25
9776.4324 	Level image=tampico.jpg 	25
9778.4143 	Level injecting via pump at address 1 	25
9780.4255 	DATA 	Keypress: 5
9780.4259 	DATA 	Keypress: 5
9780.4262 	DATA 	Keypress: 5
9784.4294 	DATA 	Keypress: 5
9784.4298 	DATA 	Keypress: 5
9784.4301 	DATA 	Keypress: 5
9784.4305 	DATA 	Keypress: 5
9786.4164 	DATA 	Keypress: 5
9786.4298 	Level Condition: 1 	25
9786.4349 	Level image=bottled_water.jpg 	25
9788.4143 	Level injecting via pump at address 1 	25
9790.4259 	DATA 	Keypress: 5
9790.4262 	DATA 	Keypress: 5
9790.4265 	DATA 	Keypress: 5
9790.4268 	DATA 	Keypress: 5
9794.4296 	DATA 	Keypress: 5
9794.4300 	DATA 	Keypress: 5
9794.4303 	DATA 	Keypress: 5
9796.4161 	DATA 	Keypress: 5
9796.4164 	DATA 	Keypress: 5
9796.4316 	Level Condition: 2 	25
9796.4352 	Level image=tampico.jpg 	25
9798.4144 	Level injecting via pump at address 1 	25
9800.4258 	DATA 	Keypress: 5
9800.4261 	DATA 	Keypress: 5
9800.4264 	DATA 	Keypress: 5
9804.4297 	DATA 	Keypress: 5
9804.4496 	DATA 	Keypress: 5
9804.4501 	DATA 	Keypress: 5
9804.4505 	DATA 	Keypress: 5
9806.4163 	DATA 	Keypress: 5
9806.4343 	Level Condition: 0 	25
9806.4403 	Level image=bottled_water.jpg 	25
9808.4143 	Level injecting via pump at address 0 	25
9810.4263 	DATA 	Keypress: 5
9810.4266 	DATA 	Keypress: 5
9810.4269 	DATA 	Keypress: 5
9810.4272 	DATA 	Keypress: 5
9814.4292 	DATA 	Keypress: 5
9814.4296 	DATA 	Keypress: 5
9814.4298 	DATA 	Keypress: 5
9816.4162 	DATA 	Keypress: 5
9816.4165 	DATA 	Keypress: 5
9816.4350 	Level Condition: 2 	25
9816.4386 	Level image=tampico.jpg 	25
9818.4143 	Level injecting via pump at address 1 	25
9820.4456 	DATA 	Keypress: 5
9820.4460 	DATA 	Keypress: 5
9820.4464 	DATA 	Keypress: 5
9820.4469 	DATA 	Keypress: 5
9824.4295 	DATA 	Keypress: 5
9824.4298 	DATA 	Keypress: 5
9824.4301 	DATA 	Keypress: 5
9826.4162 	DATA 	Keypress: 5
9826.4165 	DATA 	Keypress: 5
9826.4308 	Level Condition: 0 	25
9826.4366 	Level image=bottled_water.jpg 	25
9828.4143 	Level injecting via pump at address 0 	25
9830.4255 	DATA 	Keypress: 5
9830.4259 	DATA 	Keypress: 5
9830.4261 	DATA 	Keypress: 5
9834.4297 	DATA 	Keypress: 5
9834.4300 	DATA 	Keypress: 5
9834.4303 	DATA 	Keypress: 5
9834.4305 	DATA 	Keypress: 5
9836.4162 	DATA 	Keypress: 5
9836.4364 	Level Condition: 2 	25
9836.4401 	Level image=tampico.jpg 	25
9838.4143 	Level injecting via pump at address 1 	25
9840.4306 	DATA 	Keypress: 5
9840.4310 	DATA 	Keypress: 5
9840.4314 	DATA 	Keypress: 5
9840.4317 	DATA 	Keypress: 5
9844.4291 	DATA 	Keypress: 5
9844.4294 	DATA 	Keypress: 5
9844.4297 	DATA 	Keypress: 5
9846.4162 	DATA 	Keypress: 5
9846.4165 	DATA 	Keypress: 5
9846.4370 	Level Condition: 2 	25
9846.4405 	Level image=tampico.jpg 	25
9848.4143 	Level injecting via pump at address 1 	25
9850.4261 	DATA 	Keypress: 5
9850.4265 	DATA 	Keypress: 5
9850.4267 	DATA 	Keypress: 5
9854.4319 	DATA 	Keypress: 5
9854.4467 	DATA 	Keypress: 5
9854.4471 	DATA 	Keypress: 5
9854.4475 	DATA 	Keypress: 5
9856.4161 	DATA 	Keypress: 5
9856.4165 	DATA 	Keypress: 5
9856.4327 	Level Condition: 2 	25
9856.4366 	Level image=tampico.jpg 	25
9858.4143 	Level injecting via pump at address 1 	25
9860.4258 	DATA 	Keypress: 5
9860.4262 	DATA 	Keypress: 5
9860.4265 	DATA 	Keypress: 5
9864.4289 	DATA 	Keypress: 5
9864.4292 	DATA 	Keypress: 5
9864.4295 	DATA 	Keypress: 5
9866.4162 	DATA 	Keypress: 5
9866.4165 	DATA 	Keypress: 5
9866.4348 	Level Condition: 1 	25
9866.4407 	Level image=bottled_water.jpg 	25
9868.4143 	Level injecting via pump at address 1 	25
9870.4362 	DATA 	Keypress: 5
9870.4367 	DATA 	Keypress: 5
9870.4371 	DATA 	Keypress: 5
9870.4376 	DATA 	Keypress: 5
9874.4296 	DATA 	Keypress: 5
9874.4300 	DATA 	Keypress: 5
9874.4324 	DATA 	Keypress: 5
9876.4163 	DATA 	Keypress: 5
9876.4166 	DATA 	Keypress: 5
9876.4408 	Level Condition: 3 	25
9876.4444 	Level image=tampico.jpg 	25
9878.4143 	Level injecting via pump at address 0 	25
9880.4256 	DATA 	Keypress: 5
9880.4259 	DATA 	Keypress: 5
9880.4262 	DATA 	Keypress: 5
9884.4300 	DATA 	Keypress: 5
9884.4303 	DATA 	Keypress: 5
9884.4306 	DATA 	Keypress: 5
9884.4334 	DATA 	Keypress: 5
9886.4163 	DATA 	Keypress: 5
