14.4928 	WARNING 	Movie2 stim could not be imported and won't be available
83.3349 	DATA 	Keypress: 5
83.3899 	Level Condition: 1 	25
83.4029 	Level image=bottled_water.jpg 	25
85.3678 	Level injecting via pump at address 1 	25
87.3757 	DATA 	Keypress: 5
87.3761 	DATA 	Keypress: 5
87.3764 	DATA 	Keypress: 5
91.3811 	DATA 	Keypress: 5
91.3814 	DATA 	Keypress: 5
91.3817 	DATA 	Keypress: 5
93.3674 	DATA 	Keypress: 5
93.3677 	DATA 	Keypress: 5
93.3755 	Level Condition: 2 	25
93.3787 	Level image=tampico.jpg 	25
95.3651 	Level injecting via pump at address 1 	25
97.3766 	DATA 	Keypress: 5
97.3769 	DATA 	Keypress: 5
97.3772 	DATA 	Keypress: 5
97.3776 	DATA 	Keypress: 5
101.3801 	DATA 	Keypress: 5
101.3957 	DATA 	Keypress: 5
101.3961 	DATA 	Keypress: 5
103.3672 	DATA 	Keypress: 5
103.3675 	DATA 	Keypress: 5
103.3813 	Level Condition: 2 	25
103.3854 	Level image=tampico.jpg 	25
105.3651 	Level injecting via pump at address 1 	25
107.3772 	DATA 	Keypress: 5
107.3776 	DATA 	Keypress: 5
107.3778 	DATA 	Keypress: 5
111.3806 	DATA 	Keypress: 5
111.3810 	DATA 	Keypress: 5
111.3813 	DATA 	Keypress: 5
111.3816 	DATA 	Keypress: 5
113.3673 	DATA 	Keypress: 5
113.3797 	Level Condition: 0 	25
113.3851 	Level image=bottled_water.jpg 	25
115.3651 	Level injecting via pump at address 0 	25
117.3892 	DATA 	Keypress: 5
117.3897 	DATA 	Keypress: 5
117.3900 	DATA 	Keypress: 5
117.3905 	DATA 	Keypress: 5
121.3800 	DATA 	Keypress: 5
121.3804 	DATA 	Keypress: 5
121.3808 	DATA 	Keypress: 5
123.3678 	DATA 	Keypress: 5
123.3682 	DATA 	Keypress: 5
123.3794 	Level Condition: 3 	25
123.3827 	Level image=tampico.jpg 	25
125.3651 	Level injecting via pump at address 0 	25
127.3766 	DATA 	Keypress: 5
127.3770 	DATA 	Keypress: 5
127.3772 	DATA 	Keypress: 5
131.3805 	DATA 	Keypress: 5
131.3808 	DATA 	Keypress: 5
131.3811 	DATA 	Keypress: 5
131.3814 	DATA 	Keypress: 5
133.3674 	DATA 	Keypress: 5
133.3700 	DATA 	Keypress: 5
133.3816 	Level Condition: 0 	25
133.3871 	Level image=bottled_water.jpg 	25
135.3651 	Level injecting via pump at address 0 	25
137.3778 	DATA 	Keypress: 5
137.3782 	DATA 	Keypress: 5
137.3784 	DATA 	Keypress: 5
141.3868 	DATA 	Keypress: 5
141.3872 	DATA 	Keypress: 5
141.3874 	DATA 	Keypress: 5
141.3877 	DATA 	Keypress: 5
143.3675 	DATA 	Keypress: 5
143.3840 	Level Condition: 0 	25
143.3899 	Level image=bottled_water.jpg 	25
145.3652 	Level injecting via pump at address 0 	25
147.3765 	DATA 	Keypress: 5
147.3768 	DATA 	Keypress: 5
147.3771 	DATA 	Keypress: 5
147.3775 	DATA 	Keypress: 5
151.3806 	DATA 	Keypress: 5
151.3884 	DATA 	Keypress: 5
151.3888 	DATA 	Keypress: 5
153.3674 	DATA 	Keypress: 5
153.3677 	DATA 	Keypress: 5
153.3847 	Level Condition: 2 	25
153.3885 	Level image=tampico.jpg 	25
155.3651 	Level injecting via pump at address 1 	25
157.3767 	DATA 	Keypress: 5
157.3771 	DATA 	Keypress: 5
157.3773 	DATA 	Keypress: 5
161.3804 	DATA 	Keypress: 5
161.3807 	DATA 	Keypress: 5
161.3810 	DATA 	Keypress: 5
161.3813 	DATA 	Keypress: 5
163.3673 	DATA 	Keypress: 5
163.3756 	Level Condition: 0 	25
163.3807 	Level image=bottled_water.jpg 	25
163.4037 	DATA 	Keypress: 5
165.3651 	Level injecting via pump at address 0 	25
167.3763 	DATA 	Keypress: 5
167.3864 	DATA 	Keypress: 5
167.3868 	DATA 	Keypress: 5
171.3800 	DATA 	Keypress: 5
171.3804 	DATA 	Keypress: 5
171.3807 	DATA 	Keypress: 5
173.3675 	DATA 	Keypress: 5
173.3678 	DATA 	Keypress: 5
173.3831 	Level Condition: 1 	25
173.3891 	Level image=bottled_water.jpg 	25
175.3651 	Level injecting via pump at address 1 	25
177.3768 	DATA 	Keypress: 5
177.3772 	DATA 	Keypress: 5
177.3798 	DATA 	Keypress: 5
177.3803 	DATA 	Keypress: 5
181.4190 	DATA 	Keypress: 5
181.4195 	DATA 	Keypress: 5
181.4197 	DATA 	Keypress: 5
183.3674 	DATA 	Keypress: 5
183.3699 	DATA 	Keypress: 5
183.3879 	Level Condition: 3 	25
183.3916 	Level image=tampico.jpg 	25
185.3651 	Level injecting via pump at address 0 	25
187.3765 	DATA 	Keypress: 5
187.3768 	DATA 	Keypress: 5
187.3771 	DATA 	Keypress: 5
191.3827 	DATA 	Keypress: 5
191.3831 	DATA 	Keypress: 5
191.3834 	DATA 	Keypress: 5
191.3837 	DATA 	Keypress: 5
193.3671 	DATA 	Keypress: 5
193.3871 	Level Condition: 1 	25
193.3927 	Level image=bottled_water.jpg 	25
195.3651 	Level injecting via pump at address 1 	25
197.3765 	DATA 	Keypress: 5
197.3768 	DATA 	Keypress: 5
197.3771 	DATA 	Keypress: 5
197.3776 	DATA 	Keypress: 5
201.3798 	DATA 	Keypress: 5
201.3878 	DATA 	Keypress: 5
201.3883 	DATA 	Keypress: 5
203.3672 	DATA 	Keypress: 5
203.3676 	DATA 	Keypress: 5
203.3825 	Level Condition: 3 	25
203.3859 	Level image=tampico.jpg 	25
205.3651 	Level injecting via pump at address 0 	25
207.3766 	DATA 	Keypress: 5
207.3769 	DATA 	Keypress: 5
207.3771 	DATA 	Keypress: 5
211.3802 	DATA 	Keypress: 5
211.3805 	DATA 	Keypress: 5
211.3833 	DATA 	Keypress: 5
211.3836 	DATA 	Keypress: 5
213.3671 	DATA 	Keypress: 5
213.3675 	DATA 	Keypress: 5
213.3855 	Level Condition: 2 	25
213.3890 	Level image=tampico.jpg 	25
215.3651 	Level injecting via pump at address 1 	25
217.3889 	DATA 	Keypress: 5
217.3893 	DATA 	Keypress: 5
217.3896 	DATA 	Keypress: 5
221.3802 	DATA 	Keypress: 5
221.3806 	DATA 	Keypress: 5
221.3809 	DATA 	Keypress: 5
221.3813 	DATA 	Keypress: 5
223.3674 	DATA 	Keypress: 5
223.3919 	Level Condition: 2 	25
223.3954 	Level image=tampico.jpg 	25
225.3651 	Level injecting via pump at address 1 	25
227.3765 	DATA 	Keypress: 5
227.3768 	DATA 	Keypress: 5
227.3771 	DATA 	Keypress: 5
227.3775 	DATA 	Keypress: 5
231.3800 	DATA 	Keypress: 5
231.3804 	DATA 	Keypress: 5
231.3807 	DATA 	Keypress: 5
233.3673 	DATA 	Keypress: 5
233.3699 	DATA 	Keypress: 5
233.3930 	Level Condition: 2 	25
233.3965 	Level image=tampico.jpg 	25
235.3651 	Level injecting via pump at address 1 	25
237.3766 	DATA 	Keypress: 5
237.3771 	DATA 	Keypress: 5
237.3775 	DATA 	Keypress: 5
241.3802 	DATA 	Keypress: 5
241.3806 	DATA 	Keypress: 5
241.3808 	DATA 	Keypress: 5
241.3811 	DATA 	Keypress: 5
243.3673 	DATA 	Keypress: 5
243.3856 	Level Condition: 0 	25
243.3916 	Level image=bottled_water.jpg 	25
245.3651 	Level injecting via pump at address 0 	25
247.3765 	DATA 	Keypress: 5
247.3769 	DATA 	Keypress: 5
247.3771 	DATA 	Keypress: 5
247.3776 	DATA 	Keypress: 5
251.3804 	DATA 	Keypress: 5
251.3885 	DATA 	Keypress: 5
251.3889 	DATA 	Keypress: 5
253.3681 	DATA 	Keypress: 5
253.3684 	DATA 	Keypress: 5
253.3890 	Level Condition: 0 	25
253.3949 	Level image=bottled_water.jpg 	25
255.3651 	Level injecting via pump at address 0 	25
257.3769 	DATA 	Keypress: 5
257.3772 	DATA 	Keypress: 5
257.3775 	DATA 	Keypress: 5
257.3780 	DATA 	Keypress: 5
261.3816 	DATA 	Keypress: 5
261.3819 	DATA 	Keypress: 5
261.3823 	DATA 	Keypress: 5
263.3672 	DATA 	Keypress: 5
263.3676 	DATA 	Keypress: 5
263.3767 	Level Condition: 0 	25
263.3815 	Level image=bottled_water.jpg 	25
265.3651 	Level injecting via pump at address 0 	25
267.3946 	DATA 	Keypress: 5
267.3951 	DATA 	Keypress: 5
267.3955 	DATA 	Keypress: 5
271.3799 	DATA 	Keypress: 5
271.3802 	DATA 	Keypress: 5
271.3805 	DATA 	Keypress: 5
271.3809 	DATA 	Keypress: 5
273.3672 	DATA 	Keypress: 5
273.3773 	Level Condition: 0 	25
273.3823 	Level image=bottled_water.jpg 	25
275.3651 	Level injecting via pump at address 0 	25
277.3765 	DATA 	Keypress: 5
277.3768 	DATA 	Keypress: 5
277.3771 	DATA 	Keypress: 5
277.3775 	DATA 	Keypress: 5
281.3803 	DATA 	Keypress: 5
281.3807 	DATA 	Keypress: 5
281.3810 	DATA 	Keypress: 5
283.3673 	DATA 	Keypress: 5
283.3699 	DATA 	Keypress: 5
283.3787 	Level Condition: 3 	25
283.3822 	Level image=tampico.jpg 	25
285.3651 	Level injecting via pump at address 0 	25
287.3768 	DATA 	Keypress: 5
287.3771 	DATA 	Keypress: 5
287.3774 	DATA 	Keypress: 5
291.3800 	DATA 	Keypress: 5
291.3803 	DATA 	Keypress: 5
291.3806 	DATA 	Keypress: 5
291.3809 	DATA 	Keypress: 5
293.3673 	DATA 	Keypress: 5
293.3676 	DATA 	Keypress: 5
293.3799 	Level Condition: 1 	25
293.3856 	Level image=bottled_water.jpg 	25
295.3651 	Level injecting via pump at address 1 	25
297.3762 	DATA 	Keypress: 5
297.3766 	DATA 	Keypress: 5
297.3768 	DATA 	Keypress: 5
301.3800 	DATA 	Keypress: 5
301.3980 	DATA 	Keypress: 5
301.3985 	DATA 	Keypress: 5
303.3672 	DATA 	Keypress: 5
303.3677 	DATA 	Keypress: 5
303.3821 	Level Condition: 2 	25
303.3859 	Level image=tampico.jpg 	25
305.3651 	Level injecting via pump at address 1 	25
307.3767 	DATA 	Keypress: 5
307.3770 	DATA 	Keypress: 5
307.3772 	DATA 	Keypress: 5
307.3777 	DATA 	Keypress: 5
311.3799 	DATA 	Keypress: 5
311.3803 	DATA 	Keypress: 5
311.3806 	DATA 	Keypress: 5
313.3674 	DATA 	Keypress: 5
313.3677 	DATA 	Keypress: 5
313.3830 	Level Condition: 2 	25
313.3864 	Level image=tampico.jpg 	25
315.3651 	Level injecting via pump at address 1 	25
317.3883 	DATA 	Keypress: 5
317.3887 	DATA 	Keypress: 5
317.3891 	DATA 	Keypress: 5
321.3804 	DATA 	Keypress: 5
321.3807 	DATA 	Keypress: 5
321.3810 	DATA 	Keypress: 5
321.3814 	DATA 	Keypress: 5
323.3673 	DATA 	Keypress: 5
431.3154 	DATA 	Keypress: 5
431.3570 	Level Condition: 0 	25
431.3638 	Level image=bottled_water.jpg 	25
433.3381 	Level injecting via pump at address 0 	25
435.3461 	DATA 	Keypress: 5
435.3465 	DATA 	Keypress: 5
435.3468 	DATA 	Keypress: 5
439.3511 	DATA 	Keypress: 5
439.3515 	DATA 	Keypress: 5
439.3518 	DATA 	Keypress: 5
441.3372 	DATA 	Keypress: 5
441.3399 	DATA 	Keypress: 5
441.3488 	Level Condition: 2 	25
441.3518 	Level image=tampico.jpg 	25
443.3352 	Level injecting via pump at address 1 	25
445.3468 	DATA 	Keypress: 5
445.3472 	DATA 	Keypress: 5
445.3474 	DATA 	Keypress: 5
445.3478 	DATA 	Keypress: 5
449.3502 	DATA 	Keypress: 5
449.3506 	DATA 	Keypress: 5
449.3509 	DATA 	Keypress: 5
451.3372 	DATA 	Keypress: 5
451.3375 	DATA 	Keypress: 5
451.3559 	Level Condition: 0 	25
451.3619 	Level image=bottled_water.jpg 	25
453.3352 	Level injecting via pump at address 0 	25
455.3585 	DATA 	Keypress: 5
455.3590 	DATA 	Keypress: 5
455.3594 	DATA 	Keypress: 5
459.3506 	DATA 	Keypress: 5
459.3509 	DATA 	Keypress: 5
459.3512 	DATA 	Keypress: 5
459.3515 	DATA 	Keypress: 5
461.3372 	DATA 	Keypress: 5
461.3603 	Level Condition: 2 	25
461.3642 	Level image=tampico.jpg 	25
463.3352 	Level injecting via pump at address 1 	25
465.3470 	DATA 	Keypress: 5
465.3474 	DATA 	Keypress: 5
465.3476 	DATA 	Keypress: 5
465.3481 	DATA 	Keypress: 5
469.3505 	DATA 	Keypress: 5
469.3509 	DATA 	Keypress: 5
469.3511 	DATA 	Keypress: 5
471.3373 	DATA 	Keypress: 5
471.3399 	DATA 	Keypress: 5
471.3649 	Level Condition: 0 	25
471.3710 	Level image=bottled_water.jpg 	25
473.3352 	Level injecting via pump at address 0 	25
475.3469 	DATA 	Keypress: 5
475.3473 	DATA 	Keypress: 5
475.3476 	DATA 	Keypress: 5
479.3514 	DATA 	Keypress: 5
479.3518 	DATA 	Keypress: 5
479.3521 	DATA 	Keypress: 5
479.3524 	DATA 	Keypress: 5
481.3372 	DATA 	Keypress: 5
481.3376 	DATA 	Keypress: 5
481.3485 	Level Condition: 0 	25
481.3537 	Level image=bottled_water.jpg 	25
483.3352 	Level injecting via pump at address 0 	25
485.3469 	DATA 	Keypress: 5
485.3472 	DATA 	Keypress: 5
485.3475 	DATA 	Keypress: 5
489.3502 	DATA 	Keypress: 5
489.3668 	DATA 	Keypress: 5
489.3673 	DATA 	Keypress: 5
489.3678 	DATA 	Keypress: 5
491.3374 	DATA 	Keypress: 5
491.3500 	Level Condition: 3 	25
491.3534 	Level image=tampico.jpg 	25
493.3352 	Level injecting via pump at address 0 	25
495.3470 	DATA 	Keypress: 5
495.3473 	DATA 	Keypress: 5
495.3476 	DATA 	Keypress: 5
495.3480 	DATA 	Keypress: 5
499.3506 	DATA 	Keypress: 5
499.3509 	DATA 	Keypress: 5
499.3513 	DATA 	Keypress: 5
501.3373 	DATA 	Keypress: 5
501.3376 	DATA 	Keypress: 5
501.3506 	Level Condition: 2 	25
501.3538 	Level image=tampico.jpg 	25
503.3352 	Level injecting via pump at address 1 	25
505.3677 	DATA 	Keypress: 5
505.3681 	DATA 	Keypress: 5
505.3685 	DATA 	Keypress: 5
509.3508 	DATA 	Keypress: 5
509.3512 	DATA 	Keypress: 5
509.3515 	DATA 	Keypress: 5
509.3518 	DATA 	Keypress: 5
511.3373 	DATA 	Keypress: 5
511.3514 	Level Condition: 3 	25
511.3545 	Level image=tampico.jpg 	25
511.3768 	DATA 	Keypress: 5
513.3352 	Level injecting via pump at address 0 	25
515.3467 	DATA 	Keypress: 5
515.3471 	DATA 	Keypress: 5
515.3473 	DATA 	Keypress: 5
519.3502 	DATA 	Keypress: 5
519.3506 	DATA 	Keypress: 5
519.3509 	DATA 	Keypress: 5
521.3373 	DATA 	Keypress: 5
521.3399 	DATA 	Keypress: 5
521.3522 	Level Condition: 1 	25
521.3576 	Level image=bottled_water.jpg 	25
523.3352 	Level injecting via pump at address 1 	25
525.3470 	DATA 	Keypress: 5
525.3473 	DATA 	Keypress: 5
525.3476 	DATA 	Keypress: 5
525.3480 	DATA 	Keypress: 5
529.3507 	DATA 	Keypress: 5
529.3510 	DATA 	Keypress: 5
529.3513 	DATA 	Keypress: 5
531.3373 	DATA 	Keypress: 5
531.3377 	DATA 	Keypress: 5
531.3548 	Level Condition: 0 	25
531.3604 	Level image=bottled_water.jpg 	25
533.3352 	Level injecting via pump at address 0 	25
535.3469 	DATA 	Keypress: 5
535.3473 	DATA 	Keypress: 5
535.3475 	DATA 	Keypress: 5
539.3541 	DATA 	Keypress: 5
539.3647 	DATA 	Keypress: 5
539.3652 	DATA 	Keypress: 5
539.3655 	DATA 	Keypress: 5
541.3373 	DATA 	Keypress: 5
541.3515 	Level Condition: 0 	25
541.3567 	Level image=bottled_water.jpg 	25
543.3352 	Level injecting via pump at address 0 	25
545.3471 	DATA 	Keypress: 5
545.3475 	DATA 	Keypress: 5
545.3477 	DATA 	Keypress: 5
545.3481 	DATA 	Keypress: 5
549.3506 	DATA 	Keypress: 5
549.3509 	DATA 	Keypress: 5
549.3513 	DATA 	Keypress: 5
551.3372 	DATA 	Keypress: 5
551.3375 	DATA 	Keypress: 5
551.3564 	Level Condition: 0 	25
551.3619 	Level image=bottled_water.jpg 	25
553.3352 	Level injecting via pump at address 0 	25
555.3568 	DATA 	Keypress: 5
555.3572 	DATA 	Keypress: 5
555.3575 	DATA 	Keypress: 5
559.3509 	DATA 	Keypress: 5
559.3512 	DATA 	Keypress: 5
559.3515 	DATA 	Keypress: 5
559.3519 	DATA 	Keypress: 5
561.3373 	DATA 	Keypress: 5
561.3376 	DATA 	Keypress: 5
561.3571 	Level Condition: 1 	25
561.3629 	Level image=bottled_water.jpg 	25
563.3353 	Level injecting via pump at address 1 	25
565.3467 	DATA 	Keypress: 5
565.3470 	DATA 	Keypress: 5
565.3473 	DATA 	Keypress: 5
569.3504 	DATA 	Keypress: 5
569.3508 	DATA 	Keypress: 5
569.3510 	DATA 	Keypress: 5
571.3371 	DATA 	Keypress: 5
571.3399 	DATA 	Keypress: 5
571.3580 	Level Condition: 1 	25
571.3636 	Level image=bottled_water.jpg 	25
573.3352 	Level injecting via pump at address 1 	25
575.3470 	DATA 	Keypress: 5
575.3474 	DATA 	Keypress: 5
575.3476 	DATA 	Keypress: 5
575.3481 	DATA 	Keypress: 5
579.3507 	DATA 	Keypress: 5
579.3511 	DATA 	Keypress: 5
579.3514 	DATA 	Keypress: 5
581.3375 	DATA 	Keypress: 5
581.3380 	DATA 	Keypress: 5
581.3542 	Level Condition: 2 	25
581.3580 	Level image=tampico.jpg 	25
583.3352 	Level injecting via pump at address 1 	25
585.3509 	DATA 	Keypress: 5
585.3513 	DATA 	Keypress: 5
585.3516 	DATA 	Keypress: 5
589.3510 	DATA 	Keypress: 5
589.3591 	DATA 	Keypress: 5
589.3596 	DATA 	Keypress: 5
589.3599 	DATA 	Keypress: 5
591.3371 	DATA 	Keypress: 5
591.3603 	Level Condition: 2 	25
591.3636 	Level image=tampico.jpg 	25
593.3352 	Level injecting via pump at address 1 	25
595.3473 	DATA 	Keypress: 5
595.3477 	DATA 	Keypress: 5
595.3480 	DATA 	Keypress: 5
595.3485 	DATA 	Keypress: 5
599.3510 	DATA 	Keypress: 5
599.3536 	DATA 	Keypress: 5
599.3539 	DATA 	Keypress: 5
601.3370 	DATA 	Keypress: 5
601.3374 	DATA 	Keypress: 5
601.3619 	Level Condition: 2 	25
601.3654 	Level image=tampico.jpg 	25
603.3352 	Level injecting via pump at address 1 	25
605.3628 	DATA 	Keypress: 5
605.3633 	DATA 	Keypress: 5
605.3636 	DATA 	Keypress: 5
605.3642 	DATA 	Keypress: 5
609.3506 	DATA 	Keypress: 5
609.3510 	DATA 	Keypress: 5
609.3513 	DATA 	Keypress: 5
611.3374 	DATA 	Keypress: 5
611.3377 	DATA 	Keypress: 5
611.3507 	Level Condition: 2 	25
611.3538 	Level image=tampico.jpg 	25
613.3352 	Level injecting via pump at address 1 	25
615.3469 	DATA 	Keypress: 5
615.3472 	DATA 	Keypress: 5
615.3475 	DATA 	Keypress: 5
619.3507 	DATA 	Keypress: 5
619.3511 	DATA 	Keypress: 5
619.3514 	DATA 	Keypress: 5
619.3517 	DATA 	Keypress: 5
621.3373 	DATA 	Keypress: 5
621.3572 	Level Condition: 2 	25
621.3606 	Level image=tampico.jpg 	25
623.3352 	Level injecting via pump at address 1 	25
625.3469 	DATA 	Keypress: 5
625.3472 	DATA 	Keypress: 5
625.3474 	DATA 	Keypress: 5
625.3479 	DATA 	Keypress: 5
629.3506 	DATA 	Keypress: 5
629.3509 	DATA 	Keypress: 5
629.3512 	DATA 	Keypress: 5
631.3373 	DATA 	Keypress: 5
631.3377 	DATA 	Keypress: 5
631.3625 	Level Condition: 3 	25
631.3658 	Level image=tampico.jpg 	25
633.3352 	Level injecting via pump at address 0 	25
635.3504 	DATA 	Keypress: 5
635.3507 	DATA 	Keypress: 5
635.3510 	DATA 	Keypress: 5
639.3509 	DATA 	Keypress: 5
639.3634 	DATA 	Keypress: 5
639.3638 	DATA 	Keypress: 5
639.3642 	DATA 	Keypress: 5
641.3371 	DATA 	Keypress: 5
641.3375 	DATA 	Keypress: 5
641.3477 	Level Condition: 1 	25
641.3528 	Level image=bottled_water.jpg 	25
643.3352 	Level injecting via pump at address 1 	25
645.3466 	DATA 	Keypress: 5
645.3470 	DATA 	Keypress: 5
645.3472 	DATA 	Keypress: 5
649.3503 	DATA 	Keypress: 5
649.3506 	DATA 	Keypress: 5
649.3509 	DATA 	Keypress: 5
651.3374 	DATA 	Keypress: 5
651.3378 	DATA 	Keypress: 5
651.3464 	Level Condition: 0 	25
651.3512 	Level image=bottled_water.jpg 	25
653.3352 	Level injecting via pump at address 0 	25
655.3668 	DATA 	Keypress: 5
655.3673 	DATA 	Keypress: 5
655.3677 	DATA 	Keypress: 5
655.3683 	DATA 	Keypress: 5
659.3510 	DATA 	Keypress: 5
659.3514 	DATA 	Keypress: 5
659.3517 	DATA 	Keypress: 5
661.3373 	DATA 	Keypress: 5
661.3376 	DATA 	Keypress: 5
661.3485 	Level Condition: 3 	25
661.3531 	Level image=tampico.jpg 	25
663.3354 	Level injecting via pump at address 0 	25
665.3466 	DATA 	Keypress: 5
665.3469 	DATA 	Keypress: 5
665.3472 	DATA 	Keypress: 5
669.3505 	DATA 	Keypress: 5
669.3508 	DATA 	Keypress: 5
669.3511 	DATA 	Keypress: 5
669.3514 	DATA 	Keypress: 5
671.3371 	DATA 	Keypress: 5
