5238.6342 	DATA 	Keypress: 5
5238.6786 	Level Condition: 2 	25
5238.6853 	Level image=tampico.jpg 	25
5240.6609 	Level injecting via pump at address 1 	25
5242.6690 	DATA 	Keypress: 5
5242.6694 	DATA 	Keypress: 5
5242.6697 	DATA 	Keypress: 5
5246.6736 	DATA 	Keypress: 5
5246.6740 	DATA 	Keypress: 5
5246.6821 	DATA 	Keypress: 5
5248.6599 	DATA 	Keypress: 5
5248.6602 	DATA 	Keypress: 5
5248.6820 	Level Condition: 2 	25
5248.6857 	Level image=tampico.jpg 	25
5250.6579 	Level injecting via pump at address 1 	25
5252.6692 	DATA 	Keypress: 5
5252.6695 	DATA 	Keypress: 5
5252.6698 	DATA 	Keypress: 5
5252.6702 	DATA 	Keypress: 5
5256.6733 	DATA 	Keypress: 5
5256.6737 	DATA 	Keypress: 5
5256.6740 	DATA 	Keypress: 5
5258.6598 	DATA 	Keypress: 5
5258.6602 	DATA 	Keypress: 5
5258.6853 	Level Condition: 1 	25
5258.6922 	Level image=bottled_water.jpg 	25
5260.6578 	Level injecting via pump at address 1 	25
5262.6694 	DATA 	Keypress: 5
5262.6839 	DATA 	Keypress: 5
5262.6844 	DATA 	Keypress: 5
5266.6734 	DATA 	Keypress: 5
5266.6738 	DATA 	Keypress: 5
5266.6741 	DATA 	Keypress: 5
5266.6744 	DATA 	Keypress: 5
5268.6598 	DATA 	Keypress: 5
5268.6716 	Level Condition: 1 	25
5268.6767 	Level image=bottled_water.jpg 	25
5270.6579 	Level injecting via pump at address 1 	25
5272.6694 	DATA 	Keypress: 5
5272.6697 	DATA 	Keypress: 5
5272.6700 	DATA 	Keypress: 5
5272.6704 	DATA 	Keypress: 5
5276.6737 	DATA 	Keypress: 5
5276.6741 	DATA 	Keypress: 5
5276.6744 	DATA 	Keypress: 5
5278.6599 	DATA 	Keypress: 5
5278.6626 	DATA 	Keypress: 5
5278.6786 	Level Condition: 2 	25
5278.6824 	Level image=tampico.jpg 	25
5280.6578 	Level injecting via pump at address 1 	25
5282.6692 	DATA 	Keypress: 5
5282.6695 	DATA 	Keypress: 5
5282.6698 	DATA 	Keypress: 5
5286.6730 	DATA 	Keypress: 5
5286.6763 	DATA 	Keypress: 5
5286.6767 	DATA 	Keypress: 5
5286.6770 	DATA 	Keypress: 5
5288.6597 	DATA 	Keypress: 5
5288.6601 	DATA 	Keypress: 5
5288.6691 	Level Condition: 2 	25
5288.6721 	Level image=tampico.jpg 	25
5290.6579 	Level injecting via pump at address 1 	25
5292.6694 	DATA 	Keypress: 5
5292.6698 	DATA 	Keypress: 5
5292.6700 	DATA 	Keypress: 5
5296.6729 	DATA 	Keypress: 5
5296.6733 	DATA 	Keypress: 5
5296.6873 	DATA 	Keypress: 5
5296.6878 	DATA 	Keypress: 5
5298.6600 	DATA 	Keypress: 5
5298.6707 	Level Condition: 2 	25
5298.6736 	Level image=tampico.jpg 	25
5300.6578 	Level injecting via pump at address 1 	25
5302.6692 	DATA 	Keypress: 5
5302.6696 	DATA 	Keypress: 5
5302.6698 	DATA 	Keypress: 5
5302.6703 	DATA 	Keypress: 5
5306.6738 	DATA 	Keypress: 5
5306.6741 	DATA 	Keypress: 5
5306.6744 	DATA 	Keypress: 5
5308.6600 	DATA 	Keypress: 5
5308.6603 	DATA 	Keypress: 5
5308.6719 	Level Condition: 2 	25
5308.6748 	Level image=tampico.jpg 	25
5310.6579 	Level injecting via pump at address 1 	25
5312.6694 	DATA 	Keypress: 5
5312.6893 	DATA 	Keypress: 5
5312.6898 	DATA 	Keypress: 5
5316.6734 	DATA 	Keypress: 5
5316.6739 	DATA 	Keypress: 5
5316.6741 	DATA 	Keypress: 5
5316.6745 	DATA 	Keypress: 5
5318.6598 	DATA 	Keypress: 5
5318.6732 	Level Condition: 0 	25
5318.6784 	Level image=bottled_water.jpg 	25
5318.7002 	DATA 	Keypress: 5
5320.6578 	Level injecting via pump at address 0 	25
5322.6693 	DATA 	Keypress: 5
5322.6697 	DATA 	Keypress: 5
5322.6700 	DATA 	Keypress: 5
5326.6727 	DATA 	Keypress: 5
5326.6731 	DATA 	Keypress: 5
5326.6733 	DATA 	Keypress: 5
5328.6598 	DATA 	Keypress: 5
5328.6624 	DATA 	Keypress: 5
5328.6742 	Level Condition: 2 	25
5328.6791 	Level image=tampico.jpg 	25
5330.6579 	Level injecting via pump at address 1 	25
5332.6695 	DATA 	Keypress: 5
5332.6699 	DATA 	Keypress: 5
5332.6702 	DATA 	Keypress: 5
5332.6706 	DATA 	Keypress: 5
5336.6730 	DATA 	Keypress: 5
5336.6734 	DATA 	Keypress: 5
5336.6737 	DATA 	Keypress: 5
5338.6599 	DATA 	Keypress: 5
5338.6602 	DATA 	Keypress: 5
5338.6738 	Level Condition: 3 	25
5338.6767 	Level image=tampico.jpg 	25
5340.6578 	Level injecting via pump at address 0 	25
5342.6697 	DATA 	Keypress: 5
5342.6701 	DATA 	Keypress: 5
5342.6703 	DATA 	Keypress: 5
5346.6737 	DATA 	Keypress: 5
5346.6922 	DATA 	Keypress: 5
5346.6927 	DATA 	Keypress: 5
5346.6932 	DATA 	Keypress: 5
5348.6597 	DATA 	Keypress: 5
5348.6788 	Level Condition: 2 	25
5348.6820 	Level image=tampico.jpg 	25
5350.6579 	Level injecting via pump at address 1 	25
5352.6696 	DATA 	Keypress: 5
5352.6699 	DATA 	Keypress: 5
5352.6702 	DATA 	Keypress: 5
5352.6706 	DATA 	Keypress: 5
5356.6735 	DATA 	Keypress: 5
5356.6738 	DATA 	Keypress: 5
5356.6742 	DATA 	Keypress: 5
5358.6598 	DATA 	Keypress: 5
5358.6602 	DATA 	Keypress: 5
5358.6787 	Level Condition: 3 	25
5358.6820 	Level image=tampico.jpg 	25
5360.6579 	Level injecting via pump at address 0 	25
5362.6695 	DATA 	Keypress: 5
5362.6870 	DATA 	Keypress: 5
5362.6875 	DATA 	Keypress: 5
5366.6731 	DATA 	Keypress: 5
5366.6735 	DATA 	Keypress: 5
5366.6738 	DATA 	Keypress: 5
5366.6742 	DATA 	Keypress: 5
5368.6598 	DATA 	Keypress: 5
5368.6602 	DATA 	Keypress: 5
5368.6720 	Level Condition: 0 	25
5368.6772 	Level image=bottled_water.jpg 	25
5370.6579 	Level injecting via pump at address 0 	25
5372.6698 	DATA 	Keypress: 5
5372.6702 	DATA 	Keypress: 5
5372.6704 	DATA 	Keypress: 5
5376.6736 	DATA 	Keypress: 5
5376.6739 	DATA 	Keypress: 5
5376.6742 	DATA 	Keypress: 5
5376.6746 	DATA 	Keypress: 5
5378.6597 	DATA 	Keypress: 5
5378.6787 	Level Condition: 3 	25
5378.6825 	Level image=tampico.jpg 	25
5380.6578 	Level injecting via pump at address 0 	25
5382.6700 	DATA 	Keypress: 5
5382.6703 	DATA 	Keypress: 5
5382.6733 	DATA 	Keypress: 5
5382.6739 	DATA 	Keypress: 5
5386.6732 	DATA 	Keypress: 5
5386.6759 	DATA 	Keypress: 5
5386.6763 	DATA 	Keypress: 5
5388.6602 	DATA 	Keypress: 5
5388.6605 	DATA 	Keypress: 5
5388.6817 	Level Condition: 0 	25
5388.6877 	Level image=bottled_water.jpg 	25
5390.6579 	Level injecting via pump at address 0 	25
5392.6699 	DATA 	Keypress: 5
5392.6703 	DATA 	Keypress: 5
5392.6705 	DATA 	Keypress: 5
5396.6733 	DATA 	Keypress: 5
5396.6737 	DATA 	Keypress: 5
5396.6871 	DATA 	Keypress: 5
5396.6876 	DATA 	Keypress: 5
5398.6599 	DATA 	Keypress: 5
5398.6731 	Level Condition: 1 	25
5398.6794 	Level image=bottled_water.jpg 	25
5400.6578 	Level injecting via pump at address 1 	25
5402.6703 	DATA 	Keypress: 5
5402.6707 	DATA 	Keypress: 5
5402.6710 	DATA 	Keypress: 5
5402.6714 	DATA 	Keypress: 5
5406.6736 	DATA 	Keypress: 5
5406.6739 	DATA 	Keypress: 5
5406.6742 	DATA 	Keypress: 5
5408.6599 	DATA 	Keypress: 5
5408.6602 	DATA 	Keypress: 5
5408.6767 	Level Condition: 0 	25
5408.6824 	Level image=bottled_water.jpg 	25
5410.6579 	Level injecting via pump at address 0 	25
5412.6698 	DATA 	Keypress: 5
5412.6825 	DATA 	Keypress: 5
5412.6829 	DATA 	Keypress: 5
5412.6835 	DATA 	Keypress: 5
5416.6731 	DATA 	Keypress: 5
5416.6758 	DATA 	Keypress: 5
5416.6761 	DATA 	Keypress: 5
5418.6599 	DATA 	Keypress: 5
5418.6603 	DATA 	Keypress: 5
5418.6825 	Level Condition: 3 	25
5418.6862 	Level image=tampico.jpg 	25
5420.6578 	Level injecting via pump at address 0 	25
5422.6691 	DATA 	Keypress: 5
5422.6695 	DATA 	Keypress: 5
5422.6697 	DATA 	Keypress: 5
5426.6772 	DATA 	Keypress: 5
5426.6775 	DATA 	Keypress: 5
5426.6778 	DATA 	Keypress: 5
5426.6781 	DATA 	Keypress: 5
5428.6598 	DATA 	Keypress: 5
5428.6856 	Level Condition: 0 	25
5428.6915 	Level image=bottled_water.jpg 	25
5430.6579 	Level injecting via pump at address 0 	25
5432.6696 	DATA 	Keypress: 5
5432.6700 	DATA 	Keypress: 5
5432.6703 	DATA 	Keypress: 5
5432.6707 	DATA 	Keypress: 5
5436.6735 	DATA 	Keypress: 5
5436.6739 	DATA 	Keypress: 5
5436.6742 	DATA 	Keypress: 5
5438.6599 	DATA 	Keypress: 5
5438.6602 	DATA 	Keypress: 5
5438.6736 	Level Condition: 0 	25
5438.6786 	Level image=bottled_water.jpg 	25
5440.6578 	Level injecting via pump at address 0 	25
5442.6697 	DATA 	Keypress: 5
5442.6701 	DATA 	Keypress: 5
5442.6704 	DATA 	Keypress: 5
5446.6731 	DATA 	Keypress: 5
5446.6851 	DATA 	Keypress: 5
5446.6855 	DATA 	Keypress: 5
5446.6858 	DATA 	Keypress: 5
5448.6596 	DATA 	Keypress: 5
5448.6600 	DATA 	Keypress: 5
5448.6695 	Level Condition: 0 	25
5448.6744 	Level image=bottled_water.jpg 	25
5450.6579 	Level injecting via pump at address 0 	25
5452.6694 	DATA 	Keypress: 5
5452.6698 	DATA 	Keypress: 5
5452.6701 	DATA 	Keypress: 5
5456.6728 	DATA 	Keypress: 5
5456.6732 	DATA 	Keypress: 5
5456.6734 	DATA 	Keypress: 5
5458.6598 	DATA 	Keypress: 5
5458.6602 	DATA 	Keypress: 5
5458.6848 	Level Condition: 0 	25
5458.6902 	Level image=bottled_water.jpg 	25
5460.6578 	Level injecting via pump at address 0 	25
5462.6866 	DATA 	Keypress: 5
5462.6871 	DATA 	Keypress: 5
5462.6875 	DATA 	Keypress: 5
5462.6881 	DATA 	Keypress: 5
5466.6736 	DATA 	Keypress: 5
5466.6739 	DATA 	Keypress: 5
5466.6742 	DATA 	Keypress: 5
5468.6600 	DATA 	Keypress: 5
5468.6603 	DATA 	Keypress: 5
5468.6696 	Level Condition: 1 	25
5468.6743 	Level image=bottled_water.jpg 	25
5470.6579 	Level injecting via pump at address 1 	25
5472.6696 	DATA 	Keypress: 5
5472.6699 	DATA 	Keypress: 5
5472.6702 	DATA 	Keypress: 5
5476.6737 	DATA 	Keypress: 5
5476.6741 	DATA 	Keypress: 5
5476.6743 	DATA 	Keypress: 5
5476.6746 	DATA 	Keypress: 5
5478.6599 	DATA 	Keypress: 5
