392.8655 	DATA 	Keypress: 5
392.9067 	Level Condition: 3 	25
392.9126 	Level image=tampico.jpg 	25
394.8865 	Level injecting via pump at address 0 	25
396.9112 	DATA 	Keypress: 5
396.9117 	DATA 	Keypress: 5
396.9121 	DATA 	Keypress: 5
400.8995 	DATA 	Keypress: 5
400.8999 	DATA 	Keypress: 5
400.9002 	DATA 	Keypress: 5
402.8856 	DATA 	Keypress: 5
402.8860 	DATA 	Keypress: 5
402.9047 	Level Condition: 1 	25
402.9117 	Level image=bottled_water.jpg 	25
404.8835 	Level injecting via pump at address 1 	25
406.8949 	DATA 	Keypress: 5
406.8953 	DATA 	Keypress: 5
406.8956 	DATA 	Keypress: 5
406.8986 	DATA 	Keypress: 5
410.8990 	DATA 	Keypress: 5
410.9020 	DATA 	Keypress: 5
410.9024 	DATA 	Keypress: 5
412.8857 	DATA 	Keypress: 5
412.8882 	DATA 	Keypress: 5
412.9109 	Level Condition: 1 	25
412.9171 	Level image=bottled_water.jpg 	25
414.8835 	Level injecting via pump at address 1 	25
416.8949 	DATA 	Keypress: 5
416.8953 	DATA 	Keypress: 5
416.8956 	DATA 	Keypress: 5
420.9024 	DATA 	Keypress: 5
420.9027 	DATA 	Keypress: 5
420.9030 	DATA 	Keypress: 5
420.9034 	DATA 	Keypress: 5
422.8857 	DATA 	Keypress: 5
422.8950 	Level Condition: 0 	25
422.9000 	Level image=bottled_water.jpg 	25
424.8835 	Level injecting via pump at address 0 	25
426.8987 	DATA 	Keypress: 5
426.8991 	DATA 	Keypress: 5
426.8993 	DATA 	Keypress: 5
426.8997 	DATA 	Keypress: 5
430.8990 	DATA 	Keypress: 5
430.9148 	DATA 	Keypress: 5
430.9153 	DATA 	Keypress: 5
432.8856 	DATA 	Keypress: 5
432.8860 	DATA 	Keypress: 5
432.8987 	Level Condition: 0 	25
432.9038 	Level image=bottled_water.jpg 	25
434.8835 	Level injecting via pump at address 0 	25
436.8951 	DATA 	Keypress: 5
436.8955 	DATA 	Keypress: 5
436.8958 	DATA 	Keypress: 5
440.8992 	DATA 	Keypress: 5
440.8996 	DATA 	Keypress: 5
440.8999 	DATA 	Keypress: 5
440.9003 	DATA 	Keypress: 5
442.8856 	DATA 	Keypress: 5
442.8859 	DATA 	Keypress: 5
442.8991 	Level Condition: 0 	25
442.9043 	Level image=bottled_water.jpg 	25
444.8835 	Level injecting via pump at address 0 	25
446.9107 	DATA 	Keypress: 5
446.9112 	DATA 	Keypress: 5
446.9116 	DATA 	Keypress: 5
450.8988 	DATA 	Keypress: 5
450.8992 	DATA 	Keypress: 5
450.8995 	DATA 	Keypress: 5
450.8998 	DATA 	Keypress: 5
452.8856 	DATA 	Keypress: 5
452.9001 	Level Condition: 0 	25
452.9054 	Level image=bottled_water.jpg 	25
454.8835 	Level injecting via pump at address 0 	25
456.8948 	DATA 	Keypress: 5
456.8952 	DATA 	Keypress: 5
456.8955 	DATA 	Keypress: 5
456.8960 	DATA 	Keypress: 5
460.8992 	DATA 	Keypress: 5
460.8996 	DATA 	Keypress: 5
460.8998 	DATA 	Keypress: 5
462.8856 	DATA 	Keypress: 5
462.8881 	DATA 	Keypress: 5
462.8964 	Level Condition: 1 	25
462.9012 	Level image=bottled_water.jpg 	25
464.8836 	Level injecting via pump at address 1 	25
466.8953 	DATA 	Keypress: 5
466.8957 	DATA 	Keypress: 5
466.8959 	DATA 	Keypress: 5
470.8990 	DATA 	Keypress: 5
470.8994 	DATA 	Keypress: 5
470.8997 	DATA 	Keypress: 5
470.9000 	DATA 	Keypress: 5
472.8857 	DATA 	Keypress: 5
472.9020 	Level Condition: 2 	25
472.9057 	Level image=tampico.jpg 	25
472.9290 	DATA 	Keypress: 5
474.8835 	Level injecting via pump at address 1 	25
476.8950 	DATA 	Keypress: 5
476.8954 	DATA 	Keypress: 5
476.8957 	DATA 	Keypress: 5
480.8986 	DATA 	Keypress: 5
480.9093 	DATA 	Keypress: 5
480.9097 	DATA 	Keypress: 5
482.8858 	DATA 	Keypress: 5
482.8861 	DATA 	Keypress: 5
482.9050 	Level Condition: 2 	25
482.9086 	Level image=tampico.jpg 	25
484.8836 	Level injecting via pump at address 1 	25
486.8973 	DATA 	Keypress: 5
486.8976 	DATA 	Keypress: 5
486.8979 	DATA 	Keypress: 5
486.8984 	DATA 	Keypress: 5
490.8989 	DATA 	Keypress: 5
490.8993 	DATA 	Keypress: 5
490.8996 	DATA 	Keypress: 5
492.8856 	DATA 	Keypress: 5
492.8859 	DATA 	Keypress: 5
492.8971 	Level Condition: 1 	25
492.9023 	Level image=bottled_water.jpg 	25
494.8835 	Level injecting via pump at address 1 	25
496.9047 	DATA 	Keypress: 5
496.9051 	DATA 	Keypress: 5
496.9055 	DATA 	Keypress: 5
500.9034 	DATA 	Keypress: 5
500.9037 	DATA 	Keypress: 5
500.9040 	DATA 	Keypress: 5
500.9044 	DATA 	Keypress: 5
502.8857 	DATA 	Keypress: 5
502.9043 	Level Condition: 0 	25
502.9099 	Level image=bottled_water.jpg 	25
504.8835 	Level injecting via pump at address 0 	25
506.8958 	DATA 	Keypress: 5
506.8962 	DATA 	Keypress: 5
506.8992 	DATA 	Keypress: 5
506.8997 	DATA 	Keypress: 5
510.8993 	DATA 	Keypress: 5
510.9024 	DATA 	Keypress: 5
510.9029 	DATA 	Keypress: 5
512.8857 	DATA 	Keypress: 5
512.8884 	DATA 	Keypress: 5
512.9068 	Level Condition: 0 	25
512.9125 	Level image=bottled_water.jpg 	25
514.8835 	Level injecting via pump at address 0 	25
516.8952 	DATA 	Keypress: 5
516.8955 	DATA 	Keypress: 5
516.8958 	DATA 	Keypress: 5
520.8996 	DATA 	Keypress: 5
520.9000 	DATA 	Keypress: 5
520.9003 	DATA 	Keypress: 5
520.9007 	DATA 	Keypress: 5
522.8857 	DATA 	Keypress: 5
522.8861 	DATA 	Keypress: 5
522.9067 	Level Condition: 3 	25
522.9105 	Level image=tampico.jpg 	25
524.8835 	Level injecting via pump at address 0 	25
526.8953 	DATA 	Keypress: 5
526.8957 	DATA 	Keypress: 5
526.8959 	DATA 	Keypress: 5
530.8992 	DATA 	Keypress: 5
530.9184 	DATA 	Keypress: 5
530.9189 	DATA 	Keypress: 5
530.9194 	DATA 	Keypress: 5
532.8856 	DATA 	Keypress: 5
532.9029 	Level Condition: 2 	25
532.9061 	Level image=tampico.jpg 	25
534.8835 	Level injecting via pump at address 1 	25
536.8954 	DATA 	Keypress: 5
536.8958 	DATA 	Keypress: 5
536.8960 	DATA 	Keypress: 5
536.8965 	DATA 	Keypress: 5
540.9000 	DATA 	Keypress: 5
540.9035 	DATA 	Keypress: 5
540.9038 	DATA 	Keypress: 5
542.8857 	DATA 	Keypress: 5
542.8860 	DATA 	Keypress: 5
542.9077 	Level Condition: 2 	25
542.9111 	Level image=tampico.jpg 	25
544.8835 	Level injecting via pump at address 1 	25
546.9099 	DATA 	Keypress: 5
546.9103 	DATA 	Keypress: 5
546.9107 	DATA 	Keypress: 5
550.9030 	DATA 	Keypress: 5
550.9058 	DATA 	Keypress: 5
550.9061 	DATA 	Keypress: 5
550.9064 	DATA 	Keypress: 5
552.8857 	DATA 	Keypress: 5
552.9112 	Level Condition: 2 	25
552.9147 	Level image=tampico.jpg 	25
554.8835 	Level injecting via pump at address 1 	25
556.8955 	DATA 	Keypress: 5
556.8960 	DATA 	Keypress: 5
556.8962 	DATA 	Keypress: 5
556.8967 	DATA 	Keypress: 5
560.8991 	DATA 	Keypress: 5
560.8995 	DATA 	Keypress: 5
560.8998 	DATA 	Keypress: 5
562.8856 	DATA 	Keypress: 5
562.8883 	DATA 	Keypress: 5
562.8974 	Level Condition: 2 	25
562.9001 	Level image=tampico.jpg 	25
564.8835 	Level injecting via pump at address 1 	25
566.8955 	DATA 	Keypress: 5
566.8959 	DATA 	Keypress: 5
566.8961 	DATA 	Keypress: 5
566.8966 	DATA 	Keypress: 5
570.8996 	DATA 	Keypress: 5
570.8999 	DATA 	Keypress: 5
570.9002 	DATA 	Keypress: 5
572.8857 	DATA 	Keypress: 5
572.8860 	DATA 	Keypress: 5
572.9046 	Level Condition: 2 	25
572.9079 	Level image=tampico.jpg 	25
574.8835 	Level injecting via pump at address 1 	25
576.8951 	DATA 	Keypress: 5
576.8954 	DATA 	Keypress: 5
576.8957 	DATA 	Keypress: 5
580.8989 	DATA 	Keypress: 5
580.9104 	DATA 	Keypress: 5
580.9108 	DATA 	Keypress: 5
580.9112 	DATA 	Keypress: 5
582.8860 	DATA 	Keypress: 5
582.8966 	Level Condition: 2 	25
582.8997 	Level image=tampico.jpg 	25
584.8835 	Level injecting via pump at address 1 	25
586.8955 	DATA 	Keypress: 5
586.8958 	DATA 	Keypress: 5
586.8961 	DATA 	Keypress: 5
586.8965 	DATA 	Keypress: 5
590.8994 	DATA 	Keypress: 5
590.8997 	DATA 	Keypress: 5
590.9000 	DATA 	Keypress: 5
592.8858 	DATA 	Keypress: 5
592.8861 	DATA 	Keypress: 5
592.8954 	Level Condition: 0 	25
592.9006 	Level image=bottled_water.jpg 	25
594.8835 	Level injecting via pump at address 0 	25
596.9157 	DATA 	Keypress: 5
596.9161 	DATA 	Keypress: 5
596.9164 	DATA 	Keypress: 5
600.8993 	DATA 	Keypress: 5
600.8997 	DATA 	Keypress: 5
600.9000 	DATA 	Keypress: 5
600.9003 	DATA 	Keypress: 5
602.8857 	DATA 	Keypress: 5
602.8861 	DATA 	Keypress: 5
602.8974 	Level Condition: 3 	25
602.9007 	Level image=tampico.jpg 	25
604.8836 	Level injecting via pump at address 0 	25
606.8953 	DATA 	Keypress: 5
606.8957 	DATA 	Keypress: 5
606.8960 	DATA 	Keypress: 5
610.8986 	DATA 	Keypress: 5
610.8990 	DATA 	Keypress: 5
610.9023 	DATA 	Keypress: 5
612.8858 	DATA 	Keypress: 5
612.8885 	DATA 	Keypress: 5
612.8972 	Level Condition: 0 	25
612.9028 	Level image=bottled_water.jpg 	25
614.8835 	Level injecting via pump at address 0 	25
616.8950 	DATA 	Keypress: 5
616.8954 	DATA 	Keypress: 5
616.8957 	DATA 	Keypress: 5
616.8962 	DATA 	Keypress: 5
620.8992 	DATA 	Keypress: 5
620.8995 	DATA 	Keypress: 5
620.8998 	DATA 	Keypress: 5
622.8857 	DATA 	Keypress: 5
622.8860 	DATA 	Keypress: 5
622.8955 	Level Condition: 3 	25
622.8987 	Level image=tampico.jpg 	25
624.8836 	Level injecting via pump at address 0 	25
626.8953 	DATA 	Keypress: 5
626.8956 	DATA 	Keypress: 5
626.8959 	DATA 	Keypress: 5
630.8995 	DATA 	Keypress: 5
630.9176 	DATA 	Keypress: 5
630.9181 	DATA 	Keypress: 5
630.9185 	DATA 	Keypress: 5
632.8855 	DATA 	Keypress: 5
