410.2538 	DATA 	Keypress: 5
410.3053 	Level Condition: 2 	25
410.3101 	Level image=tampico.jpg 	25
412.2839 	Level injecting via pump at address 1 	25
414.2920 	DATA 	Keypress: 5
414.2923 	DATA 	Keypress: 5
414.2926 	DATA 	Keypress: 5
418.2972 	DATA 	Keypress: 5
418.3093 	DATA 	Keypress: 5
418.3097 	DATA 	Keypress: 5
420.2831 	DATA 	Keypress: 5
420.2835 	DATA 	Keypress: 5
420.2921 	Level Condition: 0 	25
420.2972 	Level image=bottled_water.jpg 	25
422.2811 	Level injecting via pump at address 0 	25
424.2925 	DATA 	Keypress: 5
424.2929 	DATA 	Keypress: 5
424.2931 	DATA 	Keypress: 5
424.2936 	DATA 	Keypress: 5
428.2963 	DATA 	Keypress: 5
428.2967 	DATA 	Keypress: 5
428.2970 	DATA 	Keypress: 5
430.2831 	DATA 	Keypress: 5
430.2835 	DATA 	Keypress: 5
430.2941 	Level Condition: 2 	25
430.2974 	Level image=tampico.jpg 	25
432.2811 	Level injecting via pump at address 1 	25
434.3140 	DATA 	Keypress: 5
434.3145 	DATA 	Keypress: 5
434.3149 	DATA 	Keypress: 5
438.2965 	DATA 	Keypress: 5
438.2969 	DATA 	Keypress: 5
438.2972 	DATA 	Keypress: 5
438.2975 	DATA 	Keypress: 5
440.2833 	DATA 	Keypress: 5
440.2956 	Level Condition: 0 	25
440.3011 	Level image=bottled_water.jpg 	25
442.2811 	Level injecting via pump at address 0 	25
444.2925 	DATA 	Keypress: 5
444.2928 	DATA 	Keypress: 5
444.2931 	DATA 	Keypress: 5
444.2935 	DATA 	Keypress: 5
448.2966 	DATA 	Keypress: 5
448.2969 	DATA 	Keypress: 5
448.2972 	DATA 	Keypress: 5
450.2832 	DATA 	Keypress: 5
450.2857 	DATA 	Keypress: 5
450.2966 	Level Condition: 3 	25
450.3018 	Level image=tampico.jpg 	25
452.2811 	Level injecting via pump at address 0 	25
454.2928 	DATA 	Keypress: 5
454.2932 	DATA 	Keypress: 5
454.2934 	DATA 	Keypress: 5
458.2964 	DATA 	Keypress: 5
458.2968 	DATA 	Keypress: 5
458.2971 	DATA 	Keypress: 5
458.2974 	DATA 	Keypress: 5
460.2833 	DATA 	Keypress: 5
460.2836 	DATA 	Keypress: 5
460.2945 	Level Condition: 1 	25
460.2997 	Level image=bottled_water.jpg 	25
462.2811 	Level injecting via pump at address 1 	25
464.2927 	DATA 	Keypress: 5
464.2940 	DATA 	Keypress: 5
464.2943 	DATA 	Keypress: 5
468.2966 	DATA 	Keypress: 5
468.3160 	DATA 	Keypress: 5
468.3165 	DATA 	Keypress: 5
468.3171 	DATA 	Keypress: 5
470.2833 	DATA 	Keypress: 5
470.3015 	Level Condition: 1 	25
470.3078 	Level image=bottled_water.jpg 	25
472.2811 	Level injecting via pump at address 1 	25
474.2929 	DATA 	Keypress: 5
474.2933 	DATA 	Keypress: 5
474.2936 	DATA 	Keypress: 5
474.2964 	DATA 	Keypress: 5
478.2968 	DATA 	Keypress: 5
478.2995 	DATA 	Keypress: 5
478.2998 	DATA 	Keypress: 5
480.2835 	DATA 	Keypress: 5
480.2839 	DATA 	Keypress: 5
480.3008 	Level Condition: 0 	25
480.3066 	Level image=bottled_water.jpg 	25
482.2811 	Level injecting via pump at address 0 	25
484.3086 	DATA 	Keypress: 5
484.3091 	DATA 	Keypress: 5
484.3095 	DATA 	Keypress: 5
488.2966 	DATA 	Keypress: 5
488.2970 	DATA 	Keypress: 5
488.2973 	DATA 	Keypress: 5
488.2976 	DATA 	Keypress: 5
490.2832 	DATA 	Keypress: 5
490.2922 	Level Condition: 3 	25
490.2954 	Level image=tampico.jpg 	25
490.3194 	DATA 	Keypress: 5
492.2811 	Level injecting via pump at address 0 	25
494.2925 	DATA 	Keypress: 5
494.2928 	DATA 	Keypress: 5
494.2931 	DATA 	Keypress: 5
498.2964 	DATA 	Keypress: 5
498.2968 	DATA 	Keypress: 5
498.2971 	DATA 	Keypress: 5
500.2832 	DATA 	Keypress: 5
500.2857 	DATA 	Keypress: 5
500.2990 	Level Condition: 2 	25
500.3029 	Level image=tampico.jpg 	25
502.2811 	Level injecting via pump at address 1 	25
504.2925 	DATA 	Keypress: 5
504.2928 	DATA 	Keypress: 5
504.2956 	DATA 	Keypress: 5
504.2960 	DATA 	Keypress: 5
508.2965 	DATA 	Keypress: 5
508.2968 	DATA 	Keypress: 5
508.2971 	DATA 	Keypress: 5
510.2832 	DATA 	Keypress: 5
510.2835 	DATA 	Keypress: 5
510.3036 	Level Condition: 0 	25
510.3098 	Level image=bottled_water.jpg 	25
512.2811 	Level injecting via pump at address 0 	25
514.2926 	DATA 	Keypress: 5
514.2930 	DATA 	Keypress: 5
514.2932 	DATA 	Keypress: 5
518.2969 	DATA 	Keypress: 5
518.3064 	DATA 	Keypress: 5
518.3067 	DATA 	Keypress: 5
518.3070 	DATA 	Keypress: 5
520.2831 	DATA 	Keypress: 5
520.3059 	Level Condition: 1 	25
520.3112 	Level image=bottled_water.jpg 	25
522.2812 	Level injecting via pump at address 1 	25
524.2930 	DATA 	Keypress: 5
524.2933 	DATA 	Keypress: 5
524.2936 	DATA 	Keypress: 5
524.2941 	DATA 	Keypress: 5
528.2961 	DATA 	Keypress: 5
528.2989 	DATA 	Keypress: 5
528.2992 	DATA 	Keypress: 5
530.2832 	DATA 	Keypress: 5
530.2835 	DATA 	Keypress: 5
530.2966 	Level Condition: 3 	25
530.3002 	Level image=tampico.jpg 	25
532.2811 	Level injecting via pump at address 0 	25
534.3060 	DATA 	Keypress: 5
534.3064 	DATA 	Keypress: 5
534.3067 	DATA 	Keypress: 5
538.2973 	DATA 	Keypress: 5
538.3000 	DATA 	Keypress: 5
538.3003 	DATA 	Keypress: 5
538.3006 	DATA 	Keypress: 5
540.2833 	DATA 	Keypress: 5
540.2836 	DATA 	Keypress: 5
540.3034 	Level Condition: 2 	25
540.3067 	Level image=tampico.jpg 	25
542.2811 	Level injecting via pump at address 1 	25
544.2936 	DATA 	Keypress: 5
544.2940 	DATA 	Keypress: 5
544.2942 	DATA 	Keypress: 5
548.2977 	DATA 	Keypress: 5
548.2981 	DATA 	Keypress: 5
548.3004 	DATA 	Keypress: 5
548.3010 	DATA 	Keypress: 5
550.2856 	DATA 	Keypress: 5
550.3079 	Level Condition: 0 	25
550.3141 	Level image=bottled_water.jpg 	25
552.2811 	Level injecting via pump at address 0 	25
554.2926 	DATA 	Keypress: 5
554.2930 	DATA 	Keypress: 5
554.2932 	DATA 	Keypress: 5
554.2937 	DATA 	Keypress: 5
558.2963 	DATA 	Keypress: 5
558.2966 	DATA 	Keypress: 5
558.2969 	DATA 	Keypress: 5
560.2832 	DATA 	Keypress: 5
560.2836 	DATA 	Keypress: 5
560.2946 	Level Condition: 2 	25
560.2980 	Level image=tampico.jpg 	25
562.2811 	Level injecting via pump at address 1 	25
564.2930 	DATA 	Keypress: 5
564.2933 	DATA 	Keypress: 5
564.2935 	DATA 	Keypress: 5
568.2971 	DATA 	Keypress: 5
568.3087 	DATA 	Keypress: 5
568.3091 	DATA 	Keypress: 5
568.3095 	DATA 	Keypress: 5
570.2833 	DATA 	Keypress: 5
570.2941 	Level Condition: 2 	25
570.2973 	Level image=tampico.jpg 	25
572.2811 	Level injecting via pump at address 1 	25
574.2931 	DATA 	Keypress: 5
574.2935 	DATA 	Keypress: 5
574.2964 	DATA 	Keypress: 5
574.2969 	DATA 	Keypress: 5
578.2995 	DATA 	Keypress: 5
578.2999 	DATA 	Keypress: 5
578.3001 	DATA 	Keypress: 5
580.2833 	DATA 	Keypress: 5
580.2836 	DATA 	Keypress: 5
580.3060 	Level Condition: 0 	25
580.3120 	Level image=bottled_water.jpg 	25
582.2811 	Level injecting via pump at address 0 	25
584.3092 	DATA 	Keypress: 5
584.3097 	DATA 	Keypress: 5
584.3101 	DATA 	Keypress: 5
584.3109 	DATA 	Keypress: 5
588.2964 	DATA 	Keypress: 5
588.2968 	DATA 	Keypress: 5
588.2970 	DATA 	Keypress: 5
590.2832 	DATA 	Keypress: 5
590.2836 	DATA 	Keypress: 5
590.2921 	Level Condition: 2 	25
590.2952 	Level image=tampico.jpg 	25
592.2811 	Level injecting via pump at address 1 	25
594.2927 	DATA 	Keypress: 5
594.2930 	DATA 	Keypress: 5
594.2933 	DATA 	Keypress: 5
598.2969 	DATA 	Keypress: 5
598.2972 	DATA 	Keypress: 5
598.2975 	DATA 	Keypress: 5
598.2977 	DATA 	Keypress: 5
600.2832 	DATA 	Keypress: 5
600.2980 	Level Condition: 0 	25
600.3033 	Level image=bottled_water.jpg 	25
602.2811 	Level injecting via pump at address 0 	25
604.2932 	DATA 	Keypress: 5
604.2935 	DATA 	Keypress: 5
604.2938 	DATA 	Keypress: 5
604.2942 	DATA 	Keypress: 5
608.2972 	DATA 	Keypress: 5
608.2976 	DATA 	Keypress: 5
608.2979 	DATA 	Keypress: 5
610.2832 	DATA 	Keypress: 5
610.2835 	DATA 	Keypress: 5
610.2958 	Level Condition: 3 	25
610.2992 	Level image=tampico.jpg 	25
612.2811 	Level injecting via pump at address 0 	25
614.2927 	DATA 	Keypress: 5
614.2931 	DATA 	Keypress: 5
614.2933 	DATA 	Keypress: 5
618.2968 	DATA 	Keypress: 5
618.3090 	DATA 	Keypress: 5
618.3095 	DATA 	Keypress: 5
618.3099 	DATA 	Keypress: 5
620.2831 	DATA 	Keypress: 5
620.2835 	DATA 	Keypress: 5
620.2982 	Level Condition: 2 	25
620.3013 	Level image=tampico.jpg 	25
622.2811 	Level injecting via pump at address 1 	25
624.2925 	DATA 	Keypress: 5
624.2929 	DATA 	Keypress: 5
624.2932 	DATA 	Keypress: 5
628.2962 	DATA 	Keypress: 5
628.2967 	DATA 	Keypress: 5
628.2972 	DATA 	Keypress: 5
630.2830 	DATA 	Keypress: 5
630.2833 	DATA 	Keypress: 5
630.2958 	Level Condition: 1 	25
630.3013 	Level image=bottled_water.jpg 	25
632.2811 	Level injecting via pump at address 1 	25
634.3163 	DATA 	Keypress: 5
634.3169 	DATA 	Keypress: 5
634.3173 	DATA 	Keypress: 5
634.3179 	DATA 	Keypress: 5
638.2975 	DATA 	Keypress: 5
638.2980 	DATA 	Keypress: 5
638.2983 	DATA 	Keypress: 5
640.2830 	DATA 	Keypress: 5
640.2834 	DATA 	Keypress: 5
640.2994 	Level Condition: 0 	25
640.3051 	Level image=bottled_water.jpg 	25
642.2811 	Level injecting via pump at address 0 	25
644.2927 	DATA 	Keypress: 5
644.2930 	DATA 	Keypress: 5
644.2933 	DATA 	Keypress: 5
648.2968 	DATA 	Keypress: 5
648.2971 	DATA 	Keypress: 5
648.2997 	DATA 	Keypress: 5
648.3001 	DATA 	Keypress: 5
650.2832 	DATA 	Keypress: 5
